CREATE TABLE SIO_R_CUSTINSTS (
          id numeric(38)  CONSTRAINT SIO_R_CUSTINSTS_id_pk PRIMARY KEY 
          ,user_code varchar(10)
          ,Term_id varchar(30)
          ,session_id varchar(256)
          ,Command_Response char(1)
          ,session_counter numeric(38)
          ,classname varchar(30)
          ,sio_viewname varchar(30)
          ,strsql varchar(4000)
          ,totalcount numeric(38)
          ,recordcount numeric(38)
          ,start_record numeric(38)
          ,end_record numeric(38)
          ,sord varchar(256)
          ,search varchar(10)
          ,sidx varchar(256)
 ,CUSTINST_DUEDATE TIMESTAMP(6)  ,CUSTINST_INSTDATE TIMESTAMP(6)  ,CUSTINST_QTY NUMBER  ,CUSTINST_PRICE NUMBER  ,CUSTINST_AMT NUMBER  ,CUSTINST_SNO VARCHAR2 (40)  ,CUSTINST_LINENO NUMBER  ,PERSON_ID_CHRG NUMBER  ,PERSON_CODE_CHRG VARCHAR2 (10)  ,PERSON_NAME_CHRG VARCHAR2 (100)  ,USERGROUP_CODE_CHRG NUMBER  ,USERGROUP_NAME_CHRG VARCHAR2 (20)  ,CUSTINST_INFOMATION VARCHAR2 (2000)  ,CUSTINST_REMARK VARCHAR2 (200)  ,PERSON_ID_UPD NUMBER  ,PERSON_CODE_UPD VARCHAR2 (10)  ,PERSON_NAME_UPD VARCHAR2 (100)  ,USERGROUP_CODE_UPD NUMBER  ,USERGROUP_NAME_UPD VARCHAR2 (20)  ,CUSTINST_UPDATE_IP VARCHAR2 (40)  ,CUSTINST_CREATED_AT TIMESTAMP(6)  ,CUSTINST_UPDATED_AT TIMESTAMP(6)  ,ID_tbl NUMBER  ,CUSTORD_ID NUMBER  ,CUST_CURRENCY_CODE VARCHAR2 (3)  ,CUST_CURRENCY_NAME VARCHAR2 (10)  ,CUST_CURRENCY_REMARK VARCHAR2 (100)  ,CUST_REMARK VARCHAR2 (100)  ,CUST_CUSTTYPE CHAR (1)  ,CUST_LOCA_MAIL_CUST VARCHAR2 (20)  ,CUST_LOCA_PROPUCR_CUST CHAR (1)  ,CUST_LOCA_REMARK_CUST VARCHAR2 (100)  ,CUST_LOCA_CODE_CUST VARCHAR2 (10)  ,CUST_LOCA_NAME_CUST VARCHAR2 (100)  ,CUST_LOCA_ABBR_CUST VARCHAR2 (50)  ,CUST_LOCA_ZIP_CUST VARCHAR2 (10)  ,CUST_LOCA_COUNTRY_CUST VARCHAR2 (20)  ,CUST_LOCA_PRFCT_CUST VARCHAR2 (20)  ,CUST_LOCA_ADDR1_CUST VARCHAR2 (50)  ,CUST_LOCA_ADDR2_CUST VARCHAR2 (50)  ,CUST_LOCA_TEL_CUST VARCHAR2 (20)  ,CUST_LOCA_FAX_CUST VARCHAR2 (20)  ,ITM_CODE VARCHAR2 (40)  ,ITM_NAME VARCHAR2 (100)  ,ITM_UNIT_CODE VARCHAR2 (3)  ,ITM_UNIT_NAME VARCHAR2 (10)  ,ITM_UNIT_REMARK VARCHAR2 (100)  ,ITM_STD VARCHAR2 (100)  ,ITM_MODEL VARCHAR2 (100)  ,ITM_MATERIAL VARCHAR2 (100)  ,ITM_DESIGN VARCHAR2 (100)  ,ITM_WEIGHT NUMBER (10,6)  ,ITM_LENGTH NUMBER (10,6)  ,ITM_WIDE NUMBER (10,6)  ,ITM_DETH NUMBER (10,6)  ,ITM_PACKQTY NUMBER (10,0)  ,ITM_MINQTY NUMBER (10,6)  ,ITM_REMARK VARCHAR2 (100)  ,ITM_CUSTTYPE CHAR (1)  ,CUSTORD_DUEDATE TIMESTAMP(6)  ,CUSTORD_ORDSDATE TIMESTAMP(6)  ,CUSTORD_QTY NUMBER  ,CUSTORD_PRICE NUMBER  ,CUSTORD_AMT NUMBER  ,CUSTORD_SNO VARCHAR2 (40)  ,CUSTORD_LINENO NUMBER  ,CUSTORD_INFOMATION VARCHAR2 (2000)  ,CUSTORD_REMARK VARCHAR2 (200)  ,CUSTRCVPLC_ID NUMBER  ,LOCA_MAIL_CUSTRCVPLC VARCHAR2 (20)  ,LOCA_PROPUCR_CUSTRCVPLC CHAR (1)  ,LOCA_REMARK_CUSTRCVPLC VARCHAR2 (100)  ,LOCA_CODE_CUSTRCVPLC VARCHAR2 (10)  ,LOCA_NAME_CUSTRCVPLC VARCHAR2 (100)  ,LOCA_ABBR_CUSTRCVPLC VARCHAR2 (50)  ,LOCA_ZIP_CUSTRCVPLC VARCHAR2 (10)  ,LOCA_COUNTRY_CUSTRCVPLC VARCHAR2 (20)  ,LOCA_PRFCT_CUSTRCVPLC VARCHAR2 (20)  ,LOCA_ADDR1_CUSTRCVPLC VARCHAR2 (50)  ,LOCA_ADDR2_CUSTRCVPLC VARCHAR2 (50)  ,LOCA_TEL_CUSTRCVPLC VARCHAR2 (20)  ,LOCA_FAX_CUSTRCVPLC VARCHAR2 (20)  ,CUSTRCVPLC_REMARK VARCHAR2 (100)           ,add_time date
          ,replay_time date
          ,result_f char(1)
          ,message_code char(10)
          ,message_contents varchar(256)
          ,chk_done char(1)
)
 CREATE INDEX SIO_R_CUSTINSTS_uk1 
  ON SIO_R_CUSTINSTS(user_code,session_id) 
  TABLESPACE USERS  STORAGE (INITIAL 20K  NEXT 20k  PCTINCREASE 75)
CREATE TABLE SIO_R_UNITS (
          id numeric(38)  CONSTRAINT SIO_R_UNITS_id_pk PRIMARY KEY 
          ,user_code varchar(10)
          ,Term_id varchar(30)
          ,session_id varchar(256)
          ,Command_Response char(1)
          ,session_counter numeric(38)
          ,classname varchar(30)
          ,sio_viewname varchar(30)
          ,strsql varchar(4000)
          ,totalcount numeric(38)
          ,recordcount numeric(38)
          ,start_record numeric(38)
          ,end_record numeric(38)
          ,sord varchar(256)
          ,search varchar(10)
          ,sidx varchar(256)
 ,ID_tbl NUMBER  ,UNIT_CODE VARCHAR2 (3)  ,UNIT_NAME VARCHAR2 (10)  ,UNIT_REMARK VARCHAR2 (100)  ,PERSON_ID_UPD NUMBER  ,PERSON_CODE_UPD VARCHAR2 (10)  ,PERSON_NAME_UPD VARCHAR2 (100)  ,USERGROUP_CODE_UPD NUMBER  ,USERGROUP_NAME_UPD VARCHAR2 (20)  ,UNIT_EXPIREDATE DATE  ,UNIT_UPDATE_IP VARCHAR2 (40)  ,UNIT_CREATED_AT DATE  ,UNIT_UPDATED_AT DATE           ,add_time date
          ,replay_time date
          ,result_f char(1)
          ,message_code char(10)
          ,message_contents varchar(256)
          ,chk_done char(1)
)
 CREATE INDEX SIO_R_UNITS_uk1 
  ON SIO_R_UNITS(user_code,session_id) 
  TABLESPACE USERS  STORAGE (INITIAL 20K  NEXT 20k  PCTINCREASE 75)
CREATE TABLE SIO_R_DETAILFIELDS (
          id numeric(38)  CONSTRAINT SIO_R_DETAILFIELDS_id_pk PRIMARY KEY 
          ,user_code varchar(10)
          ,Term_id varchar(30)
          ,session_id varchar(256)
          ,Command_Response char(1)
          ,session_counter numeric(38)
          ,classname varchar(30)
          ,sio_viewname varchar(30)
          ,strsql varchar(4000)
          ,totalcount numeric(38)
          ,recordcount numeric(38)
          ,start_record numeric(38)
          ,end_record numeric(38)
          ,sord varchar(256)
          ,search varchar(10)
          ,sidx varchar(256)
 ,DETAILFIELD_SEQNO NUMBER  ,DETAILFIELD_SEARCHFORM NUMBER  ,DETAILFIELD_PARAGRAPH NUMBER  ,DETAILFIELD_CODE VARCHAR2 (30)  ,DETAILFIELD_WIDTH NUMBER  ,DETAILFIELD_TYPE VARCHAR2 (106)  ,DETAILFIELD_LENGTH NUMBER  ,DETAILFIELD_DATAPRECISION NUMBER  ,DETAILFIELD_DATASCALE NUMBER  ,DETAILFIELD_DEFAULTVALUE VARCHAR2 (40)  ,DETAILFIELD_INDISP NUMBER  ,DETAILFIELD_SUBINDISP NUMBER  ,DETAILFIELD_EDITABLE NUMBER  ,DETAILFIELD_EDITABLEHIDE VARCHAR2 (12)  ,DETAILFIELD_LISTOPTIONS VARCHAR2 (40)  ,DETAILFIELD_TBLKEY VARCHAR2 (30)  ,DETAILFIELD_CRTFIELD VARCHAR2 (100)  ,DETAILFIELD_EXPIREDATE DATE  ,DETAILFIELD_REMARK VARCHAR2 (200)  ,PERSON_ID_UPD NUMBER  ,PERSON_CODE_UPD VARCHAR2 (10)  ,PERSON_NAME_UPD VARCHAR2 (100)  ,USERGROUP_CODE_UPD NUMBER  ,USERGROUP_NAME_UPD VARCHAR2 (20)  ,DETAILFIELD_UPDATE_IP VARCHAR2 (40)  ,DETAILFIELD_CREATED_AT DATE  ,DETAILFIELD_UPDATED_AT DATE  ,DETAILFIELD_INPUTSIZE NUMBER  ,DETAILFIELD_MAXLENGTH NUMBER  ,ID_tbl NUMBER  ,SCREEN_CODE VARCHAR2 (3)  ,SCREEN_NAME VARCHAR2 (40)  ,SCREEN_VIEWNAME VARCHAR2 (30)  ,SCREEN_STRSELECT VARCHAR2 (4000)  ,SCREEN_STRWHERE VARCHAR2 (4000)  ,SCREEN_STRGROUPORDER VARCHAR2 (4000)  ,SCREEN_CDRFLAYOUT VARCHAR2 (10)  ,SCREEN_REMARK VARCHAR2 (200)  ,SCREEN_ID NUMBER  ,DETAILFIELD_SELECTION NUMBER  ,DETAILFIELD_HIDEFLG NUMBER           ,add_time date
          ,replay_time date
          ,result_f char(1)
          ,message_code char(10)
          ,message_contents varchar(256)
          ,chk_done char(1)
)
 CREATE INDEX SIO_R_DETAILFIELDS_uk1 
  ON SIO_R_DETAILFIELDS(user_code,session_id) 
  TABLESPACE USERS  STORAGE (INITIAL 20K  NEXT 20k  PCTINCREASE 75)
CREATE TABLE SIO_R_POBJGRPS (
          id numeric(38)  CONSTRAINT SIO_R_POBJGRPS_id_pk PRIMARY KEY 
          ,sio_user_code numeric(38)
          ,sio_Term_id varchar(30)
          ,sio_session_id varchar(256)
          ,sio_Command_Response char(1)
          ,sio_session_counter numeric(38)
          ,sio_classname varchar(30)
          ,sio_viewname varchar(30)
          ,sio_strsql varchar(4000)
          ,sio_totalcount numeric(38)
          ,sio_recordcount numeric(38)
          ,sio_start_record numeric(38)
          ,sio_end_record numeric(38)
          ,sio_sord varchar(256)
          ,sio_search varchar(10)
          ,sio_sidx varchar(256)
 ,PERSON_NAME_UPD VARCHAR2 (100)  ,USERGROUP_CODE_UPD NUMBER  ,USERGROUP_NAME_UPD VARCHAR2 (20)  ,POBJGRP_UPDATE_IP VARCHAR2 (40)  ,POBJGRP_CREATED_AT DATE  ,POBJGRP_EXPIREDATE DATE  ,POBJGRP_UPDATE_AT DATE  ,ID_tbl NUMBER  ,POBJECT_UPDATE_AT DATE  ,POBJECT_ID NUMBER  ,POBJECT_OBJECTTYPE VARCHAR2 (20)  ,POBJECT_CODE VARCHAR2 (30)  ,POBJECT_CONTENS VARCHAR2 (200)  ,POBJECT_REMARK VARCHAR2 (200)  ,POBJECT_RUBYCODE CLOB  ,USERGROUP_ID NUMBER  ,USERGROUP_CODE NUMBER  ,USERGROUP_NAME VARCHAR2 (20)  ,USERGROUP_REMARK VARCHAR2 (100)  ,POBJGRP_CODE VARCHAR2 (30)  ,POBJGRP_NAME VARCHAR2 (30)  ,POBJGRP_REMARK VARCHAR2 (200)  ,PERSON_ID_UPD NUMBER  ,PERSON_CODE_UPD VARCHAR2 (10)           ,sio_add_time date
          ,sio_replay_time date
          ,sio_result_f char(1)
          ,sio_message_code char(10)
          ,sio_message_contents varchar(256)
          ,sio_chk_done char(1)
)
 CREATE INDEX SIO_R_POBJGRPS_uk1 
  ON SIO_R_POBJGRPS(sio_user_code,sio_session_id) 
  TABLESPACE USERS  STORAGE (INITIAL 20K  NEXT 20k  PCTINCREASE 75)
CREATE TABLE SIO_R_FOBJGRPS (
          id numeric(38)  CONSTRAINT SIO_R_FOBJGRPS_id_pk PRIMARY KEY 
          ,sio_user_code numeric(38)
          ,sio_Term_id varchar(30)
          ,sio_session_id varchar(256)
          ,sio_Command_Response char(1)
          ,sio_session_counter numeric(38)
          ,sio_classname varchar(30)
          ,sio_viewname varchar(30)
          ,sio_strsql varchar(4000)
          ,sio_totalcount numeric(38)
          ,sio_recordcount numeric(38)
          ,sio_start_record numeric(38)
          ,sio_end_record numeric(38)
          ,sio_sord varchar(256)
          ,sio_search varchar(10)
          ,sio_sidx varchar(256)
 ,ID_tbl NUMBER  ,FOBJECT_ID NUMBER  ,POBJECT_UPDATE_AT DATE  ,POBJECT_OBJECTTYPE VARCHAR2 (20)  ,POBJECT_CODE VARCHAR2 (30)  ,POBJECT_CONTENS VARCHAR2 (200)  ,POBJECT_REMARK VARCHAR2 (200)  ,POBJECT_RUBYCODE CLOB  ,FOBJECT_FIELDLENGTH NUMBER  ,FOBJECT_DATAPRESION NUMBER  ,FOBJECT_DATASCALE NUMBER  ,FOBJECT_FIELDDENOMINATION VARCHAR2 (40)  ,FOBJECT_CONTENS VARCHAR2 (200)  ,FOBJECT_REMARK VARCHAR2 (200)  ,FOBJECT_UPDATE_AT DATE  ,FOBJGRP_NAME VARCHAR2 (30)  ,USERGROUP_ID NUMBER  ,USERGROUP_CODE NUMBER  ,USERGROUP_NAME VARCHAR2 (20)  ,USERGROUP_REMARK VARCHAR2 (100)  ,FOBJGRP_REMARK VARCHAR2 (200)  ,PERSON_ID_UPD NUMBER  ,PERSON_CODE_UPD VARCHAR2 (10)  ,PERSON_NAME_UPD VARCHAR2 (100)  ,USERGROUP_CODE_UPD NUMBER  ,USERGROUP_NAME_UPD VARCHAR2 (20)  ,FOBJGRP_UPDATE_IP VARCHAR2 (40)  ,FOBJGRP_CREATED_AT DATE  ,FOBJGRP_EXPIREDATE DATE  ,FOBJGRP_UPDATE_AT DATE           ,sio_add_time date
          ,sio_replay_time date
          ,sio_result_f char(1)
          ,sio_message_code char(10)
          ,sio_message_contents varchar(256)
          ,sio_chk_done char(1)
)
 CREATE INDEX SIO_R_FOBJGRPS_uk1 
  ON SIO_R_FOBJGRPS(sio_user_code,sio_session_id) 
  TABLESPACE USERS  STORAGE (INITIAL 20K  NEXT 20k  PCTINCREASE 75)
CREATE TABLE SIO_R_SCREENS (
          id numeric(38)  CONSTRAINT SIO_R_SCREENS_id_pk PRIMARY KEY 
          ,sio_user_code numeric(38)
          ,sio_Term_id varchar(30)
          ,sio_session_id varchar(256)
          ,sio_Command_Response char(1)
          ,sio_session_counter numeric(38)
          ,sio_classname varchar(30)
          ,sio_viewname varchar(30)
          ,sio_strsql varchar(4000)
          ,sio_totalcount numeric(38)
          ,sio_recordcount numeric(38)
          ,sio_start_record numeric(38)
          ,sio_end_record numeric(38)
          ,sio_sord varchar(256)
          ,sio_search varchar(10)
          ,sio_sidx varchar(256)
 ,SCREEN_UPDATE_IP VARCHAR2 (40)  ,SCREEN_CREATED_AT DATE  ,SCREEN_UPDATED_AT DATE  ,SCREEN_GRPNAME VARCHAR2 (30)  ,ID_tbl NUMBER  ,SCREEN_CODE VARCHAR2 (3)  ,SCREEN_NAME VARCHAR2 (40)  ,SCREEN_VIEWNAME VARCHAR2 (30)  ,SCREEN_STRSELECT VARCHAR2 (4000)  ,SCREEN_STRWHERE VARCHAR2 (4000)  ,SCREEN_STRGROUPORDER VARCHAR2 (4000)  ,SCREEN_CDRFLAYOUT VARCHAR2 (10)  ,SCREEN_EXPIREDATE DATE  ,SCREEN_REMARK VARCHAR2 (200)  ,PERSON_ID_UPD NUMBER  ,PERSON_CODE_UPD VARCHAR2 (10)  ,PERSON_NAME_UPD VARCHAR2 (100)  ,USERGROUP_CODE_UPD NUMBER  ,USERGROUP_NAME_UPD VARCHAR2 (20)           ,sio_add_time date
          ,sio_replay_time date
          ,sio_result_f char(1)
          ,sio_message_code char(10)
          ,sio_message_contents varchar(256)
          ,sio_chk_done char(1)
)
 CREATE INDEX SIO_R_SCREENS_uk1 
  ON SIO_R_SCREENS(sio_user_code,sio_session_id) 
  TABLESPACE USERS  STORAGE (INITIAL 20K  NEXT 20k  PCTINCREASE 75)
CREATE TABLE SIO_R_DETAILFIELDS (
          id numeric(38)  CONSTRAINT SIO_R_DETAILFIELDS_id_pk PRIMARY KEY 
          ,sio_user_code numeric(38)
          ,sio_Term_id varchar(30)
          ,sio_session_id varchar(256)
          ,sio_Command_Response char(1)
          ,sio_session_counter numeric(38)
          ,sio_classname varchar(30)
          ,sio_viewname varchar(30)
          ,sio_strsql varchar(4000)
          ,sio_totalcount numeric(38)
          ,sio_recordcount numeric(38)
          ,sio_start_record numeric(38)
          ,sio_end_record numeric(38)
          ,sio_sord varchar(256)
          ,sio_search varchar(10)
          ,sio_sidx varchar(256)
 ,DETAILFIELD_CREATED_AT DATE  ,DETAILFIELD_UPDATED_AT DATE  ,DETAILFIELD_INDISP NUMBER  ,DETAILFIELD_SUBINDISP NUMBER  ,DETAILFIELD_EDITABLE NUMBER  ,DETAILFIELD_EDITABLEHIDE VARCHAR2 (12)  ,DETAILFIELD_LISTOPTIONS VARCHAR2 (40)  ,DETAILFIELD_TBLKEY VARCHAR2 (30)  ,DETAILFIELD_CRTFIELD VARCHAR2 (100)  ,DETAILFIELD_EXPIREDATE DATE  ,DETAILFIELD_REMARK VARCHAR2 (200)  ,PERSON_ID_UPD NUMBER  ,PERSON_CODE_UPD VARCHAR2 (10)  ,PERSON_NAME_UPD VARCHAR2 (100)  ,USERGROUP_CODE_UPD NUMBER  ,USERGROUP_NAME_UPD VARCHAR2 (20)  ,DETAILFIELD_UPDATE_IP VARCHAR2 (40)  ,DETAILFIELD_INPUTSIZE NUMBER  ,DETAILFIELD_MAXLENGTH NUMBER  ,ID_tbl NUMBER  ,SCREEN_GRPNAME VARCHAR2 (30)  ,SCREEN_ID NUMBER  ,SCREEN_CODE VARCHAR2 (3)  ,SCREEN_NAME VARCHAR2 (40)  ,SCREEN_VIEWNAME VARCHAR2 (30)  ,SCREEN_STRSELECT VARCHAR2 (4000)  ,SCREEN_STRWHERE VARCHAR2 (4000)  ,SCREEN_STRGROUPORDER VARCHAR2 (4000)  ,SCREEN_CDRFLAYOUT VARCHAR2 (10)  ,SCREEN_REMARK VARCHAR2 (200)  ,DETAILFIELD_SELECTION NUMBER  ,DETAILFIELD_HIDEFLG NUMBER  ,DETAILFIELD_SEQNO NUMBER  ,DETAILFIELD_SEARCHFORM NUMBER  ,DETAILFIELD_PARAGRAPH NUMBER  ,DETAILFIELD_CODE VARCHAR2 (30)  ,DETAILFIELD_WIDTH NUMBER  ,DETAILFIELD_TYPE VARCHAR2 (106)  ,DETAILFIELD_LENGTH NUMBER  ,DETAILFIELD_DATAPRECISION NUMBER  ,DETAILFIELD_DATASCALE NUMBER  ,DETAILFIELD_DEFAULTVALUE VARCHAR2 (40)           ,sio_add_time date
          ,sio_replay_time date
          ,sio_result_f char(1)
          ,sio_message_code char(10)
          ,sio_message_contents varchar(256)
          ,sio_chk_done char(1)
)
 CREATE INDEX SIO_R_DETAILFIELDS_uk1 
  ON SIO_R_DETAILFIELDS(sio_user_code,sio_session_id) 
  TABLESPACE USERS  STORAGE (INITIAL 20K  NEXT 20k  PCTINCREASE 75)
CREATE TABLE SIO_R_PERSONS (
          id numeric(38)  CONSTRAINT SIO_R_PERSONS_id_pk PRIMARY KEY 
          ,sio_user_code numeric(38)
          ,sio_Term_id varchar(30)
          ,sio_session_id varchar(256)
          ,sio_Command_Response char(1)
          ,sio_session_counter numeric(38)
          ,sio_classname varchar(30)
          ,sio_viewname varchar(30)
          ,sio_strsql varchar(4000)
          ,sio_totalcount numeric(38)
          ,sio_recordcount numeric(38)
          ,sio_start_record numeric(38)
          ,sio_end_record numeric(38)
          ,sio_sord varchar(256)
          ,sio_search varchar(10)
          ,sio_sidx varchar(256)
 ,ID_tbl NUMBER  ,PERSON_CODE VARCHAR2 (10)  ,PERSON_NAME VARCHAR2 (100)  ,USERGROUP_ID NUMBER  ,USERGROUP_CODE NUMBER  ,USERGROUP_NAME VARCHAR2 (20)           ,sio_add_time date
          ,sio_replay_time date
          ,sio_result_f char(1)
          ,sio_message_code char(10)
          ,sio_message_contents varchar(256)
          ,sio_chk_done char(1)
)
 CREATE INDEX SIO_R_PERSONS_uk1 
  ON SIO_R_PERSONS(sio_user_code,sio_session_id) 
  TABLESPACE USERS  STORAGE (INITIAL 20K  NEXT 20k  PCTINCREASE 75)
CREATE TABLE SIO_R_PPROJECTS (
          id numeric(38)  CONSTRAINT SIO_R_PPROJECTS_id_pk PRIMARY KEY 
          ,sio_user_code numeric(38)
          ,sio_Term_id varchar(30)
          ,sio_session_id varchar(256)
          ,sio_Command_Response char(1)
          ,sio_session_counter numeric(38)
          ,sio_classname varchar(30)
          ,sio_viewname varchar(30)
          ,sio_strsql varchar(4000)
          ,sio_totalcount numeric(38)
          ,sio_recordcount numeric(38)
          ,sio_start_record numeric(38)
          ,sio_end_record numeric(38)
          ,sio_sord varchar(256)
          ,sio_search varchar(10)
          ,sio_sidx varchar(256)
          ,sio_add_time date
          ,sio_replay_time date
          ,sio_result_f char(1)
          ,sio_message_code char(10)
          ,sio_message_contents varchar(256)
          ,sio_chk_done char(1)
)
 CREATE INDEX SIO_R_PPROJECTS_uk1 
  ON SIO_R_PPROJECTS(sio_user_code,sio_session_id) 
  TABLESPACE USERS  STORAGE (INITIAL 20K  NEXT 20k  PCTINCREASE 75)
CREATE TABLE SIO_R_POBJECTS (
          id numeric(38)  CONSTRAINT SIO_R_POBJECTS_id_pk PRIMARY KEY 
          ,sio_user_code numeric(38)
          ,sio_Term_id varchar(30)
          ,sio_session_id varchar(256)
          ,sio_Command_Response char(1)
          ,sio_session_counter numeric(38)
          ,sio_classname varchar(30)
          ,sio_viewname varchar(30)
          ,sio_strsql varchar(4000)
          ,sio_totalcount numeric(38)
          ,sio_recordcount numeric(38)
          ,sio_start_record numeric(38)
          ,sio_end_record numeric(38)
          ,sio_sord varchar(256)
          ,sio_search varchar(10)
          ,sio_sidx varchar(256)
 ,ID_tbl NUMBER  ,POBJECT_OBJECTTYPE VARCHAR2 (20)  ,POBJECT_CODE VARCHAR2 (30)  ,POBJECT_CONTENS VARCHAR2 (200)  ,POBJECT_REMARK VARCHAR2 (200)  ,POBJECT_RUBYCODE CLOB  ,PERSON_ID_UPD NUMBER  ,PERSON_CODE_UPD VARCHAR2 (10)  ,PERSON_NAME_UPD VARCHAR2 (100)  ,USERGROUP_CODE_UPD NUMBER  ,USERGROUP_NAME_UPD VARCHAR2 (20)  ,POBJECT_UPDATE_IP VARCHAR2 (40)  ,POBJECT_CREATED_AT DATE  ,POBJECT_EXPIREDATE DATE  ,POBJECT_UPDATE_AT DATE           ,sio_add_time date
          ,sio_replay_time date
          ,sio_result_f char(1)
          ,sio_message_code char(10)
          ,sio_message_contents varchar(256)
          ,sio_chk_done char(1)
)
 CREATE INDEX SIO_R_POBJECTS_uk1 
  ON SIO_R_POBJECTS(sio_user_code,sio_session_id) 
  TABLESPACE USERS  STORAGE (INITIAL 20K  NEXT 20k  PCTINCREASE 75)
CREATE TABLE SIO_R_DETAILFIELDS (
          id numeric(38)  CONSTRAINT SIO_R_DETAILFIELDS_id_pk PRIMARY KEY 
          ,sio_user_code numeric(38)
          ,sio_Term_id varchar(30)
          ,sio_session_id varchar(256)
          ,sio_Command_Response char(1)
          ,sio_session_counter numeric(38)
          ,sio_classname varchar(30)
          ,sio_viewname varchar(30)
          ,sio_strsql varchar(4000)
          ,sio_totalcount numeric(38)
          ,sio_recordcount numeric(38)
          ,sio_start_record numeric(38)
          ,sio_end_record numeric(38)
          ,sio_sord varchar(256)
          ,sio_search varchar(10)
          ,sio_sidx varchar(256)
 ,PERSON_EMAIL_UPD VARCHAR2 (30)  ,DETAILFIELD_UPDATE_IP VARCHAR2 (40)  ,DETAILFIELD_CREATED_AT DATE  ,DETAILFIELD_UPDATED_AT DATE  ,DETAILFIELD_INPUTSIZE NUMBER  ,DETAILFIELD_MAXLENGTH NUMBER  ,ID_tbl NUMBER  ,SCREEN_ID NUMBER  ,SCREEN_CODE VARCHAR2 (30)  ,SCREEN_VIEWNAME VARCHAR2 (30)  ,SCREEN_GRPNAME VARCHAR2 (30)  ,SCREEN_STRSELECT VARCHAR2 (4000)  ,SCREEN_STRWHERE VARCHAR2 (4000)  ,SCREEN_STRGROUPORDER VARCHAR2 (4000)  ,SCREEN_CDRFLAYOUT VARCHAR2 (10)  ,SCREEN_REMARK VARCHAR2 (200)  ,DETAILFIELD_SELECTION NUMBER  ,DETAILFIELD_HIDEFLG NUMBER  ,DETAILFIELD_SEQNO NUMBER  ,DETAILFIELD_SEARCHFORM NUMBER  ,DETAILFIELD_PARAGRAPH NUMBER  ,DETAILFIELD_CODE VARCHAR2 (30)  ,DETAILFIELD_WIDTH NUMBER  ,DETAILFIELD_TYPE VARCHAR2 (106)  ,DETAILFIELD_LENGTH NUMBER  ,DETAILFIELD_DATAPRECISION NUMBER  ,DETAILFIELD_DATASCALE NUMBER  ,DETAILFIELD_DEFAULTVALUE VARCHAR2 (40)  ,DETAILFIELD_INDISP NUMBER  ,DETAILFIELD_SUBINDISP NUMBER  ,DETAILFIELD_EDITABLE NUMBER  ,DETAILFIELD_EDITABLEHIDE VARCHAR2 (12)  ,DETAILFIELD_LISTOPTIONS VARCHAR2 (40)  ,DETAILFIELD_TBLKEY VARCHAR2 (30)  ,DETAILFIELD_CRTFIELD VARCHAR2 (100)  ,DETAILFIELD_EXPIREDATE DATE  ,DETAILFIELD_REMARK VARCHAR2 (200)  ,PERSON_ID_UPD NUMBER  ,PERSON_CODE_UPD VARCHAR2 (10)  ,PERSON_NAME_UPD VARCHAR2 (100)  ,USERGROUP_CODE_UPD NUMBER  ,USERGROUP_NAME_UPD VARCHAR2 (20)           ,sio_add_time date
          ,sio_replay_time date
          ,sio_result_f char(1)
          ,sio_message_code char(10)
          ,sio_message_contents varchar(256)
          ,sio_chk_done char(1)
)
 CREATE INDEX SIO_R_DETAILFIELDS_uk1 
  ON SIO_R_DETAILFIELDS(sio_user_code,sio_session_id) 
  TABLESPACE USERS  STORAGE (INITIAL 20K  NEXT 20k  PCTINCREASE 75)
CREATE TABLE SIO_R_SCREENS (
          id numeric(38)  CONSTRAINT SIO_R_SCREENS_id_pk PRIMARY KEY 
          ,sio_user_code numeric(38)
          ,sio_Term_id varchar(30)
          ,sio_session_id varchar(256)
          ,sio_Command_Response char(1)
          ,sio_session_counter numeric(38)
          ,sio_classname varchar(30)
          ,sio_viewname varchar(30)
          ,sio_strsql varchar(4000)
          ,sio_totalcount numeric(38)
          ,sio_recordcount numeric(38)
          ,sio_start_record numeric(38)
          ,sio_end_record numeric(38)
          ,sio_sord varchar(256)
          ,sio_search varchar(10)
          ,sio_sidx varchar(256)
 ,SCREEN_CDRFLAYOUT VARCHAR2 (10)  ,SCREEN_EXPIREDATE DATE  ,SCREEN_REMARK VARCHAR2 (200)  ,PERSON_ID_UPD NUMBER  ,PERSON_CODE_UPD VARCHAR2 (10)  ,PERSON_NAME_UPD VARCHAR2 (100)  ,USERGROUP_CODE_UPD NUMBER  ,USERGROUP_NAME_UPD VARCHAR2 (20)  ,PERSON_EMAIL_UPD VARCHAR2 (30)  ,SCREEN_UPDATE_IP VARCHAR2 (40)  ,SCREEN_CREATED_AT DATE  ,SCREEN_UPDATED_AT DATE  ,ID_tbl NUMBER  ,SCREEN_CODE VARCHAR2 (30)  ,SCREEN_VIEWNAME VARCHAR2 (30)  ,SCREEN_GRPNAME VARCHAR2 (30)  ,SCREEN_STRSELECT VARCHAR2 (4000)  ,SCREEN_STRWHERE VARCHAR2 (4000)  ,SCREEN_STRGROUPORDER VARCHAR2 (4000)           ,sio_add_time date
          ,sio_replay_time date
          ,sio_result_f char(1)
          ,sio_message_code char(10)
          ,sio_message_contents varchar(256)
          ,sio_chk_done char(1)
)
 CREATE INDEX SIO_R_SCREENS_uk1 
  ON SIO_R_SCREENS(sio_user_code,sio_session_id) 
  TABLESPACE USERS  STORAGE (INITIAL 20K  NEXT 20k  PCTINCREASE 75)
CREATE TABLE SIO_R_BUTTONS (
          id numeric(38)  CONSTRAINT SIO_R_BUTTONS_id_pk PRIMARY KEY 
          ,sio_user_code numeric(38)
          ,sio_Term_id varchar(30)
          ,sio_session_id varchar(256)
          ,sio_Command_Response char(1)
          ,sio_session_counter numeric(38)
          ,sio_classname varchar(30)
          ,sio_viewname varchar(30)
          ,sio_strsql varchar(4000)
          ,sio_totalcount numeric(38)
          ,sio_recordcount numeric(38)
          ,sio_start_record numeric(38)
          ,sio_end_record numeric(38)
          ,sio_sord varchar(256)
          ,sio_search varchar(10)
          ,sio_sidx varchar(256)
 ,BUTTON_CREATED_AT DATE  ,BUTTON_UPDATED_AT DATE  ,PERSON_EMAIL_UPD VARCHAR2 (30)  ,BUTTON_UPDATE_IP VARCHAR2 (40)  ,ID_tbl NUMBER  ,SCREEN_CDRFLAYOUT VARCHAR2 (10)  ,SCREEN_REMARK VARCHAR2 (200)  ,SCREEN_ID NUMBER  ,SCREEN_CODE VARCHAR2 (30)  ,SCREEN_VIEWNAME VARCHAR2 (30)  ,SCREEN_GRPNAME VARCHAR2 (30)  ,SCREEN_STRSELECT VARCHAR2 (4000)  ,SCREEN_STRWHERE VARCHAR2 (4000)  ,SCREEN_STRGROUPORDER VARCHAR2 (4000)  ,BUTTON_ICON VARCHAR2 (10)  ,BUTTON_TITLE VARCHAR2 (50)  ,BUTTON_PROC VARCHAR2 (20)  ,BUTTON_EXPIREDATE DATE  ,BUTTON_REMARK VARCHAR2 (200)  ,PERSON_ID_UPD NUMBER  ,PERSON_CODE_UPD VARCHAR2 (10)  ,PERSON_NAME_UPD VARCHAR2 (100)  ,USERGROUP_CODE_UPD NUMBER  ,USERGROUP_NAME_UPD VARCHAR2 (20)           ,sio_add_time date
          ,sio_replay_time date
          ,sio_result_f char(1)
          ,sio_message_code char(10)
          ,sio_message_contents varchar(256)
          ,sio_chk_done char(1)
)
 CREATE INDEX SIO_R_BUTTONS_uk1 
  ON SIO_R_BUTTONS(sio_user_code,sio_session_id) 
  TABLESPACE USERS  STORAGE (INITIAL 20K  NEXT 20k  PCTINCREASE 75)
CREATE TABLE SIO_R_CHILSCREENS (
          id numeric(38)  CONSTRAINT SIO_R_CHILSCREENS_id_pk PRIMARY KEY 
          ,sio_user_code numeric(38)
          ,sio_Term_id varchar(30)
          ,sio_session_id varchar(256)
          ,sio_Command_Response char(1)
          ,sio_session_counter numeric(38)
          ,sio_classname varchar(30)
          ,sio_viewname varchar(30)
          ,sio_strsql varchar(4000)
          ,sio_totalcount numeric(38)
          ,sio_recordcount numeric(38)
          ,sio_start_record numeric(38)
          ,sio_end_record numeric(38)
          ,sio_sord varchar(256)
          ,sio_search varchar(10)
          ,sio_sidx varchar(256)
 ,CHILSCREEN_CREATED_AT DATE  ,CHILSCREEN_UPDATED_AT DATE  ,SCREEN_GRPNAME VARCHAR2 (30)  ,SCREEN_STRSELECT VARCHAR2 (4000)  ,SCREEN_STRWHERE VARCHAR2 (4000)  ,SCREEN_STRGROUPORDER VARCHAR2 (4000)  ,SCREEN_CDRFLAYOUT_CHIL VARCHAR2 (10)  ,SCREEN_REMARK_CHIL VARCHAR2 (200)  ,SCREEN_ID_CHIL NUMBER  ,SCREEN_CODE_CHIL VARCHAR2 (30)  ,SCREEN_VIEWNAME_CHIL VARCHAR2 (30)  ,SCREEN_GRPNAME_CHIL VARCHAR2 (30)  ,SCREEN_STRSELECT_CHIL VARCHAR2 (4000)  ,SCREEN_STRWHERE_CHIL VARCHAR2 (4000)  ,SCREEN_STRGROUPORDER_CHIL VARCHAR2 (4000)  ,CHILSCREEN_EXPIREDATE DATE  ,CHILSCREEN_REMARK VARCHAR2 (200)  ,PERSON_ID_UPD NUMBER  ,PERSON_CODE_UPD VARCHAR2 (10)  ,PERSON_NAME_UPD VARCHAR2 (100)  ,USERGROUP_CODE_UPD NUMBER  ,USERGROUP_NAME_UPD VARCHAR2 (20)  ,PERSON_EMAIL_UPD VARCHAR2 (30)  ,CHILSCREEN_UPDATE_IP VARCHAR2 (40)  ,ID_tbl NUMBER  ,SCREEN_CDRFLAYOUT VARCHAR2 (10)  ,SCREEN_REMARK VARCHAR2 (200)  ,SCREEN_ID NUMBER  ,SCREEN_CODE VARCHAR2 (30)  ,SCREEN_VIEWNAME VARCHAR2 (30)           ,sio_add_time date
          ,sio_replay_time date
          ,sio_result_f char(1)
          ,sio_message_code char(10)
          ,sio_message_contents varchar(256)
          ,sio_chk_done char(1)
)
 CREATE INDEX SIO_R_CHILSCREENS_uk1 
  ON SIO_R_CHILSCREENS(sio_user_code,sio_session_id) 
  TABLESPACE USERS  STORAGE (INITIAL 20K  NEXT 20k  PCTINCREASE 75)
CREATE TABLE SIO_R_POBJECT (
          id numeric(38)  CONSTRAINT SIO_R_POBJECT_id_pk PRIMARY KEY 
          ,sio_user_code numeric(38)
          ,sio_Term_id varchar(30)
          ,sio_session_id varchar(256)
          ,sio_Command_Response char(1)
          ,sio_session_counter numeric(38)
          ,sio_classname varchar(30)
          ,sio_viewname varchar(30)
          ,sio_strsql varchar(4000)
          ,sio_totalcount numeric(38)
          ,sio_recordcount numeric(38)
          ,sio_start_record numeric(38)
          ,sio_end_record numeric(38)
          ,sio_sord varchar(256)
          ,sio_search varchar(10)
          ,sio_sidx varchar(256)
          ,sio_add_time date
          ,sio_replay_time date
          ,sio_result_f char(1)
          ,sio_message_code char(10)
          ,sio_message_contents varchar(256)
          ,sio_chk_done char(1)
)
 CREATE INDEX SIO_R_POBJECT_uk1 
  ON SIO_R_POBJECT(sio_user_code,sio_session_id) 
  TABLESPACE USERS  STORAGE (INITIAL 20K  NEXT 20k  PCTINCREASE 75)
CREATE TABLE SIO_R_POBJECTS (
          id numeric(38)  CONSTRAINT SIO_R_POBJECTS_id_pk PRIMARY KEY 
          ,sio_user_code numeric(38)
          ,sio_Term_id varchar(30)
          ,sio_session_id varchar(256)
          ,sio_Command_Response char(1)
          ,sio_session_counter numeric(38)
          ,sio_classname varchar(30)
          ,sio_viewname varchar(30)
          ,sio_strsql varchar(4000)
          ,sio_totalcount numeric(38)
          ,sio_recordcount numeric(38)
          ,sio_start_record numeric(38)
          ,sio_end_record numeric(38)
          ,sio_sord varchar(256)
          ,sio_search varchar(10)
          ,sio_sidx varchar(256)
 ,POBJECT_EXPIREDATE DATE  ,POBJECT_UPDATE_AT DATE  ,ID_tbl NUMBER  ,POBJECT_OBJECTTYPE VARCHAR2 (20)  ,POBJECT_CODE VARCHAR2 (30)  ,POBJECT_CONTENS VARCHAR2 (200)  ,POBJECT_REMARK VARCHAR2 (200)  ,POBJECT_RUBYCODE CLOB  ,PERSON_ID_UPD NUMBER  ,PERSON_CODE_UPD VARCHAR2 (10)  ,PERSON_NAME_UPD VARCHAR2 (100)  ,USERGROUP_CODE_UPD NUMBER  ,USERGROUP_NAME_UPD VARCHAR2 (20)  ,PERSON_EMAIL_UPD VARCHAR2 (30)  ,POBJECT_UPDATE_IP VARCHAR2 (40)  ,POBJECT_CREATED_AT DATE           ,sio_add_time date
          ,sio_replay_time date
          ,sio_result_f char(1)
          ,sio_message_code char(10)
          ,sio_message_contents varchar(256)
          ,sio_chk_done char(1)
)
 CREATE INDEX SIO_R_POBJECTS_uk1 
  ON SIO_R_POBJECTS(sio_user_code,sio_session_id) 
  TABLESPACE USERS  STORAGE (INITIAL 20K  NEXT 20k  PCTINCREASE 75)
CREATE TABLE SIO_R_POBJECTS (
          id numeric(38)  CONSTRAINT SIO_R_POBJECTS_id_pk PRIMARY KEY 
          ,sio_user_code numeric(38)
          ,sio_Term_id varchar(30)
          ,sio_session_id varchar(256)
          ,sio_Command_Response char(1)
          ,sio_session_counter numeric(38)
          ,sio_classname varchar(30)
          ,sio_viewname varchar(30)
          ,sio_strsql varchar(4000)
          ,sio_totalcount numeric(38)
          ,sio_recordcount numeric(38)
          ,sio_start_record numeric(38)
          ,sio_end_record numeric(38)
          ,sio_sord varchar(256)
          ,sio_search varchar(10)
          ,sio_sidx varchar(256)
 ,ID_tbl NUMBER  ,POBJECT_OBJECTTYPE VARCHAR2 (20)  ,POBJECT_CODE VARCHAR2 (30)  ,POBJECT_CONTENS VARCHAR2 (200)  ,POBJECT_REMARK VARCHAR2 (200)  ,POBJECT_RUBYCODE CLOB  ,PERSON_ID_UPD NUMBER  ,PERSON_CODE_UPD VARCHAR2 (10)  ,PERSON_NAME_UPD VARCHAR2 (100)  ,USERGROUP_CODE_UPD NUMBER  ,USERGROUP_NAME_UPD VARCHAR2 (20)  ,PERSON_EMAIL_UPD VARCHAR2 (30)  ,POBJECT_UPDATE_IP VARCHAR2 (40)  ,POBJECT_CREATED_AT DATE  ,POBJECT_EXPIREDATE DATE  ,POBJECT_UPDATE_AT DATE           ,sio_add_time date
          ,sio_replay_time date
          ,sio_result_f char(1)
          ,sio_message_code char(10)
          ,sio_message_contents varchar(256)
          ,sio_chk_done char(1)
)
 CREATE INDEX SIO_R_POBJECTS_uk1 
  ON SIO_R_POBJECTS(sio_user_code,sio_session_id) 
  TABLESPACE USERS  STORAGE (INITIAL 20K  NEXT 20k  PCTINCREASE 75)
CREATE TABLE SIO_R_POBJECTS (
          id numeric(38)  CONSTRAINT SIO_R_POBJECTS_id_pk PRIMARY KEY 
          ,sio_user_code numeric(38)
          ,sio_Term_id varchar(30)
          ,sio_session_id varchar(256)
          ,sio_Command_Response char(1)
          ,sio_session_counter numeric(38)
          ,sio_classname varchar(30)
          ,sio_viewname varchar(30)
          ,sio_strsql varchar(4000)
          ,sio_totalcount numeric(38)
          ,sio_recordcount numeric(38)
          ,sio_start_record numeric(38)
          ,sio_end_record numeric(38)
          ,sio_sord varchar(256)
          ,sio_search varchar(10)
          ,sio_sidx varchar(256)
 ,POBJECT_UPDATED_AT DATE  ,ID_tbl NUMBER  ,POBJECT_OBJECTTYPE VARCHAR2 (20)  ,POBJECT_CODE VARCHAR2 (30)  ,POBJECT_CONTENS VARCHAR2 (200)  ,POBJECT_REMARK VARCHAR2 (200)  ,POBJECT_RUBYCODE CLOB  ,PERSON_ID_UPD NUMBER  ,PERSON_CODE_UPD VARCHAR2 (10)  ,PERSON_NAME_UPD VARCHAR2 (100)  ,USERGROUP_CODE_UPD NUMBER  ,USERGROUP_NAME_UPD VARCHAR2 (20)  ,PERSON_EMAIL_UPD VARCHAR2 (30)  ,POBJECT_UPDATE_IP VARCHAR2 (40)  ,POBJECT_CREATED_AT DATE  ,POBJECT_EXPIREDATE DATE           ,sio_add_time date
          ,sio_replay_time date
          ,sio_result_f char(1)
          ,sio_message_code char(10)
          ,sio_message_contents varchar(256)
          ,sio_chk_done char(1)
)
 CREATE INDEX SIO_R_POBJECTS_uk1 
  ON SIO_R_POBJECTS(sio_user_code,sio_session_id) 
  TABLESPACE USERS  STORAGE (INITIAL 20K  NEXT 20k  PCTINCREASE 75)
CREATE TABLE SIO_R_POBJGRPS (
          id numeric(38)  CONSTRAINT SIO_R_POBJGRPS_id_pk PRIMARY KEY 
          ,sio_user_code numeric(38)
          ,sio_Term_id varchar(30)
          ,sio_session_id varchar(256)
          ,sio_Command_Response char(1)
          ,sio_session_counter numeric(38)
          ,sio_classname varchar(30)
          ,sio_viewname varchar(30)
          ,sio_strsql varchar(4000)
          ,sio_totalcount numeric(38)
          ,sio_recordcount numeric(38)
          ,sio_start_record numeric(38)
          ,sio_end_record numeric(38)
          ,sio_sord varchar(256)
          ,sio_search varchar(10)
          ,sio_sidx varchar(256)
 ,POBJGRP_EXPIREDATE DATE  ,POBJGRP_UPDATED_AT DATE  ,PERSON_NAME_UPD VARCHAR2 (100)  ,USERGROUP_CODE_UPD NUMBER  ,USERGROUP_NAME_UPD VARCHAR2 (20)  ,PERSON_EMAIL_UPD VARCHAR2 (30)  ,POBJGRP_UPDATE_IP VARCHAR2 (40)  ,POBJGRP_CREATED_AT DATE  ,ID_tbl NUMBER  ,POBJECT_ID NUMBER  ,POBJECT_OBJECTTYPE VARCHAR2 (20)  ,POBJECT_CODE VARCHAR2 (30)  ,POBJECT_CONTENS VARCHAR2 (200)  ,POBJECT_REMARK VARCHAR2 (200)  ,POBJECT_RUBYCODE CLOB  ,USERGROUP_ID NUMBER  ,USERGROUP_CODE NUMBER  ,USERGROUP_NAME VARCHAR2 (20)  ,USERGROUP_REMARK VARCHAR2 (100)  ,POBJGRP_NAME VARCHAR2 (30)  ,POBJGRP_REMARK VARCHAR2 (200)  ,PERSON_ID_UPD NUMBER  ,PERSON_CODE_UPD VARCHAR2 (10)           ,sio_add_time date
          ,sio_replay_time date
          ,sio_result_f char(1)
          ,sio_message_code char(10)
          ,sio_message_contents varchar(256)
          ,sio_chk_done char(1)
)
 CREATE INDEX SIO_R_POBJGRPS_uk1 
  ON SIO_R_POBJGRPS(sio_user_code,sio_session_id) 
  TABLESPACE USERS  STORAGE (INITIAL 20K  NEXT 20k  PCTINCREASE 75)
CREATE TABLE SIO_R_POBJGRPS (
          id numeric(38)  CONSTRAINT SIO_R_POBJGRPS_id_pk PRIMARY KEY 
          ,sio_user_code numeric(38)
          ,sio_Term_id varchar(30)
          ,sio_session_id varchar(256)
          ,sio_Command_Response char(1)
          ,sio_session_counter numeric(38)
          ,sio_classname varchar(30)
          ,sio_viewname varchar(30)
          ,sio_strsql varchar(4000)
          ,sio_totalcount numeric(38)
          ,sio_recordcount numeric(38)
          ,sio_start_record numeric(38)
          ,sio_end_record numeric(38)
          ,sio_sord varchar(256)
          ,sio_search varchar(10)
          ,sio_sidx varchar(256)
 ,USERGROUP_CODE NUMBER  ,USERGROUP_NAME VARCHAR2 (20)  ,USERGROUP_REMARK VARCHAR2 (100)  ,POBJGRP_NAME VARCHAR2 (30)  ,POBJGRP_REMARK VARCHAR2 (200)  ,PERSON_ID_UPD NUMBER  ,PERSON_CODE_UPD VARCHAR2 (10)  ,PERSON_NAME_UPD VARCHAR2 (100)  ,USERGROUP_CODE_UPD NUMBER  ,USERGROUP_NAME_UPD VARCHAR2 (20)  ,PERSON_EMAIL_UPD VARCHAR2 (30)  ,POBJGRP_UPDATE_IP VARCHAR2 (40)  ,POBJGRP_CREATED_AT DATE  ,POBJGRP_EXPIREDATE DATE  ,POBJGRP_UPDATED_AT DATE  ,ID_tbl NUMBER  ,POBJECT_ID NUMBER  ,POBJECT_OBJECTTYPE VARCHAR2 (20)  ,POBJECT_CODE VARCHAR2 (30)  ,POBJECT_CONTENS VARCHAR2 (200)  ,POBJECT_REMARK VARCHAR2 (200)  ,POBJECT_RUBYCODE CLOB  ,USERGROUP_ID NUMBER           ,sio_add_time date
          ,sio_replay_time date
          ,sio_result_f char(1)
          ,sio_message_code char(10)
          ,sio_message_contents varchar(256)
          ,sio_chk_done char(1)
)
 CREATE INDEX SIO_R_POBJGRPS_uk1 
  ON SIO_R_POBJGRPS(sio_user_code,sio_session_id) 
  TABLESPACE USERS  STORAGE (INITIAL 20K  NEXT 20k  PCTINCREASE 75)
CREATE TABLE SIO_R_POBJGRPS (
          id numeric(38)  CONSTRAINT SIO_R_POBJGRPS_id_pk PRIMARY KEY 
          ,sio_user_code numeric(38)
          ,sio_Term_id varchar(30)
          ,sio_session_id varchar(256)
          ,sio_Command_Response char(1)
          ,sio_session_counter numeric(38)
          ,sio_classname varchar(30)
          ,sio_viewname varchar(30)
          ,sio_strsql varchar(4000)
          ,sio_totalcount numeric(38)
          ,sio_recordcount numeric(38)
          ,sio_start_record numeric(38)
          ,sio_end_record numeric(38)
          ,sio_sord varchar(256)
          ,sio_search varchar(10)
          ,sio_sidx varchar(256)
 ,PERSON_EMAIL_UPD VARCHAR2 (30)  ,POBJGRP_UPDATE_IP VARCHAR2 (40)  ,POBJGRP_CREATED_AT DATE  ,POBJGRP_EXPIREDATE DATE  ,POBJGRP_UPDATED_AT DATE  ,ID_tbl NUMBER  ,POBJECT_ID NUMBER  ,POBJECT_OBJECTTYPE VARCHAR2 (20)  ,POBJECT_CODE VARCHAR2 (30)  ,POBJECT_CONTENS VARCHAR2 (200)  ,POBJECT_REMARK VARCHAR2 (200)  ,POBJECT_RUBYCODE CLOB  ,USERGROUP_ID NUMBER  ,USERGROUP_CODE NUMBER  ,USERGROUP_NAME VARCHAR2 (20)  ,USERGROUP_REMARK VARCHAR2 (100)  ,POBJGRP_NAME VARCHAR2 (30)  ,POBJGRP_REMARK VARCHAR2 (200)  ,PERSON_ID_UPD NUMBER  ,PERSON_CODE_UPD VARCHAR2 (10)  ,PERSON_NAME_UPD VARCHAR2 (100)  ,USERGROUP_CODE_UPD NUMBER  ,USERGROUP_NAME_UPD VARCHAR2 (20)           ,sio_add_time date
          ,sio_replay_time date
          ,sio_result_f char(1)
          ,sio_message_code char(10)
          ,sio_message_contents varchar(256)
          ,sio_chk_done char(1)
)
 CREATE INDEX SIO_R_POBJGRPS_uk1 
  ON SIO_R_POBJGRPS(sio_user_code,sio_session_id) 
  TABLESPACE USERS  STORAGE (INITIAL 20K  NEXT 20k  PCTINCREASE 75)
CREATE TABLE SIO_R_POBJGRPS (
          id numeric(38)  CONSTRAINT SIO_R_POBJGRPS_id_pk PRIMARY KEY 
          ,sio_user_code numeric(38)
          ,sio_Term_id varchar(30)
          ,sio_session_id varchar(256)
          ,sio_Command_Response char(1)
          ,sio_session_counter numeric(38)
          ,sio_classname varchar(30)
          ,sio_viewname varchar(30)
          ,sio_strsql varchar(4000)
          ,sio_totalcount numeric(38)
          ,sio_recordcount numeric(38)
          ,sio_start_record numeric(38)
          ,sio_end_record numeric(38)
          ,sio_sord varchar(256)
          ,sio_search varchar(10)
          ,sio_sidx varchar(256)
 ,POBJGRP_EXPIREDATE DATE  ,POBJGRP_UPDATED_AT DATE  ,ID_tbl NUMBER  ,POBJECT_ID NUMBER  ,POBJECT_OBJECTTYPE VARCHAR2 (20)  ,POBJECT_CODE VARCHAR2 (30)  ,POBJECT_CONTENS VARCHAR2 (200)  ,POBJECT_REMARK VARCHAR2 (200)  ,POBJECT_RUBYCODE CLOB  ,USERGROUP_ID NUMBER  ,USERGROUP_CODE NUMBER  ,USERGROUP_NAME VARCHAR2 (20)  ,USERGROUP_REMARK VARCHAR2 (100)  ,POBJGRP_NAME VARCHAR2 (30)  ,POBJGRP_REMARK VARCHAR2 (200)  ,PERSON_ID_UPD NUMBER  ,PERSON_CODE_UPD VARCHAR2 (10)  ,PERSON_NAME_UPD VARCHAR2 (100)  ,USERGROUP_CODE_UPD NUMBER  ,USERGROUP_NAME_UPD VARCHAR2 (20)  ,PERSON_EMAIL_UPD VARCHAR2 (30)  ,POBJGRP_UPDATE_IP VARCHAR2 (40)  ,POBJGRP_CREATED_AT DATE           ,sio_add_time date
          ,sio_replay_time date
          ,sio_result_f char(1)
          ,sio_message_code char(10)
          ,sio_message_contents varchar(256)
          ,sio_chk_done char(1)
)
 CREATE INDEX SIO_R_POBJGRPS_uk1 
  ON SIO_R_POBJGRPS(sio_user_code,sio_session_id) 
  TABLESPACE USERS  STORAGE (INITIAL 20K  NEXT 20k  PCTINCREASE 75)
CREATE TABLE SIO_R_POBJGRPS (
          id numeric(38)  CONSTRAINT SIO_R_POBJGRPS_id_pk PRIMARY KEY 
          ,sio_user_code numeric(38)
          ,sio_Term_id varchar(30)
          ,sio_session_id varchar(256)
          ,sio_Command_Response char(1)
          ,sio_session_counter numeric(38)
          ,sio_classname varchar(30)
          ,sio_viewname varchar(30)
          ,sio_strsql varchar(4000)
          ,sio_totalcount numeric(38)
          ,sio_recordcount numeric(38)
          ,sio_start_record numeric(38)
          ,sio_end_record numeric(38)
          ,sio_sord varchar(256)
          ,sio_search varchar(10)
          ,sio_sidx varchar(256)
 ,USERGROUP_CODE NUMBER  ,USERGROUP_NAME VARCHAR2 (20)  ,USERGROUP_REMARK VARCHAR2 (100)  ,POBJGRP_NAME VARCHAR2 (30)  ,POBJGRP_REMARK VARCHAR2 (200)  ,PERSON_ID_UPD NUMBER  ,PERSON_CODE_UPD VARCHAR2 (10)  ,PERSON_NAME_UPD VARCHAR2 (100)  ,USERGROUP_CODE_UPD NUMBER  ,USERGROUP_NAME_UPD VARCHAR2 (20)  ,PERSON_EMAIL_UPD VARCHAR2 (30)  ,POBJGRP_UPDATE_IP VARCHAR2 (40)  ,POBJGRP_CREATED_AT DATE  ,POBJGRP_EXPIREDATE DATE  ,POBJGRP_UPDATED_AT DATE  ,ID_tbl NUMBER  ,POBJECT_ID NUMBER  ,POBJECT_OBJECTTYPE VARCHAR2 (20)  ,POBJECT_CODE VARCHAR2 (30)  ,POBJECT_CONTENS VARCHAR2 (200)  ,POBJECT_REMARK VARCHAR2 (200)  ,POBJECT_RUBYCODE CLOB  ,USERGROUP_ID NUMBER           ,sio_add_time date
          ,sio_replay_time date
          ,sio_result_f char(1)
          ,sio_message_code char(10)
          ,sio_message_contents varchar(256)
          ,sio_chk_done char(1)
)
 CREATE INDEX SIO_R_POBJGRPS_uk1 
  ON SIO_R_POBJGRPS(sio_user_code,sio_session_id) 
  TABLESPACE USERS  STORAGE (INITIAL 20K  NEXT 20k  PCTINCREASE 75)
CREATE TABLE SIO_R_POBJGRPS (
          id numeric(38)  CONSTRAINT SIO_R_POBJGRPS_id_pk PRIMARY KEY 
          ,sio_user_code numeric(38)
          ,sio_Term_id varchar(30)
          ,sio_session_id varchar(256)
          ,sio_Command_Response char(1)
          ,sio_session_counter numeric(38)
          ,sio_classname varchar(30)
          ,sio_viewname varchar(30)
          ,sio_strsql varchar(4000)
          ,sio_totalcount numeric(38)
          ,sio_recordcount numeric(38)
          ,sio_start_record numeric(38)
          ,sio_end_record numeric(38)
          ,sio_sord varchar(256)
          ,sio_search varchar(10)
          ,sio_sidx varchar(256)
 ,POBJGRP_UPDATED_AT DATE  ,USERGROUP_CODE_UPD NUMBER  ,USERGROUP_NAME_UPD VARCHAR2 (20)  ,PERSON_EMAIL_UPD VARCHAR2 (30)  ,POBJGRP_UPDATE_IP VARCHAR2 (40)  ,POBJGRP_CREATED_AT DATE  ,POBJGRP_EXPIREDATE DATE  ,ID_tbl NUMBER  ,POBJECT_ID NUMBER  ,POBJECT_OBJECTTYPE VARCHAR2 (20)  ,POBJECT_CODE VARCHAR2 (30)  ,POBJECT_CONTENS VARCHAR2 (200)  ,POBJECT_REMARK VARCHAR2 (200)  ,POBJECT_RUBYCODE CLOB  ,USERGROUP_ID NUMBER  ,USERGROUP_CODE NUMBER  ,USERGROUP_NAME VARCHAR2 (20)  ,USERGROUP_REMARK VARCHAR2 (100)  ,POBJGRP_NAME VARCHAR2 (30)  ,POBJGRP_REMARK VARCHAR2 (200)  ,PERSON_ID_UPD NUMBER  ,PERSON_CODE_UPD VARCHAR2 (10)  ,PERSON_NAME_UPD VARCHAR2 (100)           ,sio_add_time date
          ,sio_replay_time date
          ,sio_result_f char(1)
          ,sio_message_code char(10)
          ,sio_message_contents varchar(256)
          ,sio_chk_done char(1)
)
 CREATE INDEX SIO_R_POBJGRPS_uk1 
  ON SIO_R_POBJGRPS(sio_user_code,sio_session_id) 
  TABLESPACE USERS  STORAGE (INITIAL 20K  NEXT 20k  PCTINCREASE 75)
CREATE TABLE SIO_R_DETAILFIELDS (
          id numeric(38)  CONSTRAINT SIO_R_DETAILFIELDS_id_pk PRIMARY KEY 
          ,sio_user_code numeric(38)
          ,sio_Term_id varchar(30)
          ,sio_session_id varchar(256)
          ,sio_Command_Response char(1)
          ,sio_session_counter numeric(38)
          ,sio_classname varchar(30)
          ,sio_viewname varchar(30)
          ,sio_strsql varchar(4000)
          ,sio_totalcount numeric(38)
          ,sio_recordcount numeric(38)
          ,sio_start_record numeric(38)
          ,sio_end_record numeric(38)
          ,sio_sord varchar(256)
          ,sio_search varchar(10)
          ,sio_sidx varchar(256)
 ,ID_tbl NUMBER  ,SCREEN_CDRFLAYOUT VARCHAR2 (10)  ,SCREEN_REMARK VARCHAR2 (200)  ,SCREEN_ID NUMBER  ,SCREEN_CODE VARCHAR2 (30)  ,SCREEN_VIEWNAME VARCHAR2 (30)  ,SCREEN_GRPNAME VARCHAR2 (30)  ,SCREEN_STRSELECT VARCHAR2 (4000)  ,SCREEN_STRWHERE VARCHAR2 (4000)  ,SCREEN_STRGROUPORDER VARCHAR2 (4000)  ,DETAILFIELD_SELECTION NUMBER  ,DETAILFIELD_HIDEFLG NUMBER  ,DETAILFIELD_SEQNO NUMBER  ,DETAILFIELD_SEARCHFORM NUMBER  ,DETAILFIELD_PARAGRAPH NUMBER  ,DETAILFIELD_CODE VARCHAR2 (30)  ,DETAILFIELD_WIDTH NUMBER  ,DETAILFIELD_TYPE VARCHAR2 (106)  ,DETAILFIELD_LENGTH NUMBER  ,DETAILFIELD_DATAPRECISION NUMBER  ,DETAILFIELD_DATASCALE NUMBER  ,DETAILFIELD_DEFAULTVALUE VARCHAR2 (40)  ,DETAILFIELD_INDISP NUMBER  ,DETAILFIELD_SUBINDISP NUMBER  ,DETAILFIELD_EDITABLE NUMBER  ,DETAILFIELD_EDITABLEHIDE VARCHAR2 (12)  ,DETAILFIELD_LISTOPTIONS VARCHAR2 (40)  ,DETAILFIELD_TBLKEY VARCHAR2 (30)  ,DETAILFIELD_CRTFIELD VARCHAR2 (100)  ,DETAILFIELD_EXPIREDATE DATE  ,DETAILFIELD_REMARK VARCHAR2 (200)  ,PERSON_ID_UPD NUMBER  ,PERSON_CODE_UPD VARCHAR2 (10)  ,PERSON_NAME_UPD VARCHAR2 (100)  ,USERGROUP_CODE_UPD NUMBER  ,USERGROUP_NAME_UPD VARCHAR2 (20)  ,PERSON_EMAIL_UPD VARCHAR2 (30)  ,DETAILFIELD_UPDATE_IP VARCHAR2 (40)  ,DETAILFIELD_CREATED_AT DATE  ,DETAILFIELD_UPDATED_AT DATE  ,DETAILFIELD_ROWPOS NUMBER  ,DETAILFIELD_COLPOS NUMBER  ,DETAILFIELD_INPUTSIZE NUMBER  ,DETAILFIELD_MAXLENGTH NUMBER           ,sio_add_time date
          ,sio_replay_time date
          ,sio_result_f char(1)
          ,sio_message_code char(10)
          ,sio_message_contents varchar(256)
          ,sio_chk_done char(1)
)
 CREATE INDEX SIO_R_DETAILFIELDS_uk1 
  ON SIO_R_DETAILFIELDS(sio_user_code,sio_session_id) 
  TABLESPACE USERS  STORAGE (INITIAL 20K  NEXT 20k  PCTINCREASE 75)
CREATE TABLE SIO_R_CUSTINSTS (
          id numeric(38)  CONSTRAINT SIO_R_CUSTINSTS_id_pk PRIMARY KEY 
          ,sio_user_code numeric(38)
          ,sio_Term_id varchar(30)
          ,sio_session_id varchar(256)
          ,sio_Command_Response char(1)
          ,sio_session_counter numeric(38)
          ,sio_classname varchar(30)
          ,sio_viewname varchar(30)
          ,sio_strsql varchar(4000)
          ,sio_totalcount numeric(38)
          ,sio_recordcount numeric(38)
          ,sio_start_record numeric(38)
          ,sio_end_record numeric(38)
          ,sio_sord varchar(256)
          ,sio_search varchar(10)
          ,sio_sidx varchar(256)
 ,LOCA_COUNTRY_CUSTRCVPLC VARCHAR2 (20)  ,LOCA_PRFCT_CUSTRCVPLC VARCHAR2 (20)  ,LOCA_ADDR1_CUSTRCVPLC VARCHAR2 (50)  ,LOCA_ADDR2_CUSTRCVPLC VARCHAR2 (50)  ,LOCA_TEL_CUSTRCVPLC VARCHAR2 (20)  ,LOCA_FAX_CUSTRCVPLC VARCHAR2 (20)  ,CUSTRCVPLC_REMARK VARCHAR2 (100)  ,CUSTINST_INFOMATION VARCHAR2 (2000)  ,CUSTINST_REMARK VARCHAR2 (200)  ,PERSON_ID_UPD NUMBER  ,PERSON_CODE_UPD VARCHAR2 (10)  ,PERSON_NAME_UPD VARCHAR2 (100)  ,USERGROUP_CODE_UPD NUMBER  ,USERGROUP_NAME_UPD VARCHAR2 (20)  ,PERSON_EMAIL_UPD VARCHAR2 (30)  ,CUSTINST_UPDATE_IP VARCHAR2 (40)  ,CUSTINST_CREATED_AT TIMESTAMP(6)  ,CUSTINST_UPDATED_AT TIMESTAMP(6)  ,ID_tbl NUMBER  ,CURRENCY_REMARK VARCHAR2 (100)  ,CUST_REMARK VARCHAR2 (100)  ,CUST_CUSTTYPE CHAR (1)  ,LOCA_MAIL_CUST VARCHAR2 (20)  ,LOCA_PROPUCR_CUST CHAR (1)  ,LOCA_REMARK_CUST VARCHAR2 (100)  ,LOCA_CODE_CUST VARCHAR2 (10)  ,LOCA_NAME_CUST VARCHAR2 (100)  ,LOCA_ABBR_CUST VARCHAR2 (50)  ,LOCA_ZIP_CUST VARCHAR2 (10)  ,LOCA_COUNTRY_CUST VARCHAR2 (20)  ,LOCA_PRFCT_CUST VARCHAR2 (20)  ,LOCA_ADDR1_CUST VARCHAR2 (50)  ,LOCA_ADDR2_CUST VARCHAR2 (50)  ,LOCA_TEL_CUST VARCHAR2 (20)  ,LOCA_FAX_CUST VARCHAR2 (20)  ,UNIT_CODE VARCHAR2 (3)  ,UNIT_NAME VARCHAR2 (10)  ,UNIT_REMARK VARCHAR2 (100)  ,ITM_STD VARCHAR2 (100)  ,ITM_MODEL VARCHAR2 (100)  ,ITM_MATERIAL VARCHAR2 (100)  ,ITM_DESIGN VARCHAR2 (100)  ,ITM_WEIGHT NUMBER (10,6)  ,ITM_LENGTH NUMBER (10,6)  ,ITM_WIDE NUMBER (10,6)  ,ITM_DETH NUMBER (10,6)  ,ITM_PACKQTY NUMBER (10,0)  ,ITM_MINQTY NUMBER (10,6)  ,ITM_REMARK VARCHAR2 (100)  ,ITM_CUSTTYPE CHAR (1)  ,ITM_CODE VARCHAR2 (40)  ,ITM_NAME VARCHAR2 (100)  ,CUSTORD_DUEDATE TIMESTAMP(6)  ,CUSTORD_ORDSDATE TIMESTAMP(6)  ,CUSTORD_QTY NUMBER  ,CUSTORD_PRICE NUMBER  ,CUSTORD_AMT NUMBER  ,CUSTORD_SNO VARCHAR2 (40)  ,CUSTORD_LINENO NUMBER  ,CUSTORD_INFOMATION VARCHAR2 (2000)  ,CUSTORD_REMARK VARCHAR2 (200)  ,CUSTORD_ID NUMBER  ,CURRENCY_CODE VARCHAR2 (3)  ,CURRENCY_NAME VARCHAR2 (10)  ,CUSTRCVPLC_ID NUMBER  ,LOCA_MAIL_CUSTRCVPLC VARCHAR2 (20)  ,LOCA_PROPUCR_CUSTRCVPLC CHAR (1)  ,LOCA_REMARK_CUSTRCVPLC VARCHAR2 (100)  ,LOCA_CODE_CUSTRCVPLC VARCHAR2 (10)  ,LOCA_NAME_CUSTRCVPLC VARCHAR2 (100)  ,LOCA_ABBR_CUSTRCVPLC VARCHAR2 (50)  ,LOCA_ZIP_CUSTRCVPLC VARCHAR2 (10)  ,CUSTINST_DUEDATE TIMESTAMP(6)  ,CUSTINST_INSTDATE TIMESTAMP(6)  ,CUSTINST_QTY NUMBER  ,CUSTINST_PRICE NUMBER  ,CUSTINST_AMT NUMBER  ,CUSTINST_SNO VARCHAR2 (40)  ,CUSTINST_LINENO NUMBER  ,PERSON_ID_CHRG NUMBER  ,PERSON_CODE_CHRG VARCHAR2 (10)  ,PERSON_NAME_CHRG VARCHAR2 (100)  ,USERGROUP_CODE_CHRG NUMBER  ,USERGROUP_NAME_CHRG VARCHAR2 (20)  ,PERSON_EMAIL_CHRG VARCHAR2 (30)           ,sio_add_time date
          ,sio_replay_time date
          ,sio_result_f char(1)
          ,sio_message_code char(10)
          ,sio_message_contents varchar(256)
          ,sio_chk_done char(1)
)
 CREATE INDEX SIO_R_CUSTINSTS_uk1 
  ON SIO_R_CUSTINSTS(sio_user_code,sio_session_id) 
  TABLESPACE USERS  STORAGE (INITIAL 20K  NEXT 20k  PCTINCREASE 75)
CREATE TABLE SIO_R_CUSTRCVPLCS (
          id numeric(38)  CONSTRAINT SIO_R_CUSTRCVPLCS_id_pk PRIMARY KEY 
          ,sio_user_code numeric(38)
          ,sio_Term_id varchar(30)
          ,sio_session_id varchar(256)
          ,sio_Command_Response char(1)
          ,sio_session_counter numeric(38)
          ,sio_classname varchar(30)
          ,sio_viewname varchar(30)
          ,sio_strsql varchar(4000)
          ,sio_totalcount numeric(38)
          ,sio_recordcount numeric(38)
          ,sio_start_record numeric(38)
          ,sio_end_record numeric(38)
          ,sio_sord varchar(256)
          ,sio_search varchar(10)
          ,sio_sidx varchar(256)
 ,CUSTRCVPLC_UPDATED_AT DATE  ,LOCA_REMARK_CUSTRCVPLC VARCHAR2 (100)  ,LOCA_ID_CUSTRCVPLC NUMBER  ,LOCA_CODE_CUSTRCVPLC VARCHAR2 (10)  ,LOCA_NAME_CUSTRCVPLC VARCHAR2 (100)  ,LOCA_ABBR_CUSTRCVPLC VARCHAR2 (50)  ,LOCA_ZIP_CUSTRCVPLC VARCHAR2 (10)  ,LOCA_COUNTRY_CUSTRCVPLC VARCHAR2 (20)  ,LOCA_PRFCT_CUSTRCVPLC VARCHAR2 (20)  ,LOCA_ADDR1_CUSTRCVPLC VARCHAR2 (50)  ,LOCA_ADDR2_CUSTRCVPLC VARCHAR2 (50)  ,LOCA_TEL_CUSTRCVPLC VARCHAR2 (20)  ,LOCA_MAIL_CUSTRCVPLC VARCHAR2 (20)  ,CUSTRCVPLC_PERSONNAMEOFOUTSIDE VARCHAR2 (100)  ,PERSON_ID_CHRG NUMBER  ,PERSON_CODE_CHRG VARCHAR2 (10)  ,PERSON_NAME_CHRG VARCHAR2 (100)  ,USERGROUP_CODE_CHRG NUMBER  ,USERGROUP_NAME_CHRG VARCHAR2 (20)  ,PERSON_EMAIL_CHRG VARCHAR2 (30)  ,CUSTRCVPLC_REMARK VARCHAR2 (100)  ,CUSTRCVPLC_EXPIREDATE DATE  ,PERSON_ID_UPD NUMBER  ,PERSON_CODE_UPD VARCHAR2 (10)  ,PERSON_NAME_UPD VARCHAR2 (100)  ,USERGROUP_CODE_UPD NUMBER  ,USERGROUP_NAME_UPD VARCHAR2 (20)  ,PERSON_EMAIL_UPD VARCHAR2 (30)  ,CUSTRCVPLC_UPDATE_IP VARCHAR2 (40)  ,CUSTRCVPLC_CREATED_AT DATE  ,ID_tbl NUMBER  ,LOCA_FAX_CUSTRCVPLC VARCHAR2 (20)  ,LOCA_PROPUCR_CUSTRCVPLC CHAR (1)           ,sio_add_time date
          ,sio_replay_time date
          ,sio_result_f char(1)
          ,sio_message_code char(10)
          ,sio_message_contents varchar(256)
          ,sio_chk_done char(1)
)
 CREATE INDEX SIO_R_CUSTRCVPLCS_uk1 
  ON SIO_R_CUSTRCVPLCS(sio_user_code,sio_session_id) 
  TABLESPACE USERS  STORAGE (INITIAL 20K  NEXT 20k  PCTINCREASE 75)
