CREATE TABLE SIO_R_CUSTINSTS (
          id numeric(38)  CONSTRAINT SIO_R_CUSTINSTS_id_pk PRIMARY KEY 
          ,sio_user_code numeric(38)
          ,sio_Term_id varchar(30)
          ,sio_session_id varchar(256)
          ,sio_Command_Response char(1)
          ,sio_session_counter numeric(38)
          ,sio_classname varchar(30)
          ,sio_viewname varchar(30)
          ,sio_code varchar(30)
          ,sio_strsql varchar(4000)
          ,sio_totalcount numeric(38)
          ,sio_recordcount numeric(38)
          ,sio_start_record numeric(38)
          ,sio_end_record numeric(38)
          ,sio_sord varchar(256)
          ,sio_search varchar(10)
          ,sio_sidx varchar(256)
 ,ID_tbl NUMBER  ,ITM_MATERIAL VARCHAR2 (100)  ,ITM_DESIGN VARCHAR2 (100)  ,ITM_WEIGHT NUMBER (10,6)  ,ITM_LENGTH NUMBER (10,6)  ,ITM_WIDE NUMBER (10,6)  ,ITM_DETH NUMBER (10,6)  ,ITM_PACKQTY NUMBER (10,0)  ,ITM_MINQTY NUMBER (10,6)  ,ITM_REMARK VARCHAR2 (100)  ,ITM_CUSTTYPE CHAR (1)  ,ITM_ID NUMBER  ,ITM_CODE VARCHAR2 (40)  ,ITM_NAME VARCHAR2 (100)  ,UNIT_CODE VARCHAR2 (3)  ,UNIT_NAME VARCHAR2 (10)  ,UNIT_REMARK VARCHAR2 (100)  ,ITM_STD VARCHAR2 (100)  ,ITM_MODEL VARCHAR2 (100)  ,LOCA_ID_CUSTRCVPLC NUMBER  ,LOCA_CODE_CUSTRCVPLC VARCHAR2 (10)  ,LOCA_NAME_CUSTRCVPLC VARCHAR2 (100)  ,LOCA_ABBR_CUSTRCVPLC VARCHAR2 (50)  ,LOCA_ZIP_CUSTRCVPLC VARCHAR2 (10)  ,LOCA_COUNTRY_CUSTRCVPLC VARCHAR2 (20)  ,LOCA_PRFCT_CUSTRCVPLC VARCHAR2 (20)  ,LOCA_ADDR1_CUSTRCVPLC VARCHAR2 (50)  ,LOCA_ADDR2_CUSTRCVPLC VARCHAR2 (50)  ,LOCA_TEL_CUSTRCVPLC VARCHAR2 (20)  ,LOCA_FAX_CUSTRCVPLC VARCHAR2 (20)  ,LOCA_MAIL_CUSTRCVPLC VARCHAR2 (20)  ,LOCA_PROPUCR_CUSTRCVPLC CHAR (1)  ,LOCA_REMARK_CUSTRCVPLC VARCHAR2 (100)  ,CUSTINST_DUEDATE TIMESTAMP(6)  ,CUSTINST_TODUEDATE TIMESTAMP(6)  ,CUSTINST_ISUDATE TIMESTAMP(6)  ,CUSTINST_QTY NUMBER  ,CUSTINST_PRICE NUMBER  ,CUSTINST_AMT NUMBER  ,CUSTINST_SNO VARCHAR2 (40)  ,CUSTINST_LINENO NUMBER  ,PERSON_ID_CHRG NUMBER  ,PERSON_CODE_CHRG VARCHAR2 (10)  ,PERSON_NAME_CHRG VARCHAR2 (100)  ,USERGROUP_CODE_CHRG NUMBER  ,USERGROUP_NAME_CHRG VARCHAR2 (20)  ,PERSON_EMAIL_CHRG VARCHAR2 (30)  ,CUSTINST_INFOMATION VARCHAR2 (2000)  ,CUSTINST_REMARK VARCHAR2 (200)  ,PERSON_ID_UPD NUMBER  ,PERSON_CODE_UPD VARCHAR2 (10)  ,PERSON_NAME_UPD VARCHAR2 (100)  ,USERGROUP_CODE_UPD NUMBER  ,USERGROUP_NAME_UPD VARCHAR2 (20)  ,PERSON_EMAIL_UPD VARCHAR2 (30)  ,CUSTINST_UPDATE_IP VARCHAR2 (40)  ,CUSTINST_CREATED_AT TIMESTAMP(6)  ,CUSTINST_UPDATED_AT TIMESTAMP(6)           ,sio_org_tblname varchar(30)
          ,sio_org_tblid numeric(38)
          ,sio_add_time date
          ,sio_replay_time date
          ,sio_result_f char(1)
          ,sio_message_code char(10)
          ,sio_message_contents varchar(256)
          ,sio_chk_done char(1)
)
 CREATE INDEX SIO_R_CUSTINSTS_uk1 
  ON SIO_R_CUSTINSTS(sio_user_code,sio_session_id) 
  TABLESPACE USERS  STORAGE (INITIAL 20K  NEXT 20k  PCTINCREASE 75)
CREATE TABLE SIO_R_CUSTS (
          id numeric(38)  CONSTRAINT SIO_R_CUSTS_id_pk PRIMARY KEY 
          ,sio_user_code numeric(38)
          ,sio_Term_id varchar(30)
          ,sio_session_id varchar(256)
          ,sio_Command_Response char(1)
          ,sio_session_counter numeric(38)
          ,sio_classname varchar(30)
          ,sio_viewname varchar(30)
          ,sio_code varchar(30)
          ,sio_strsql varchar(4000)
          ,sio_totalcount numeric(38)
          ,sio_recordcount numeric(38)
          ,sio_start_record numeric(38)
          ,sio_end_record numeric(38)
          ,sio_sord varchar(256)
          ,sio_search varchar(10)
          ,sio_sidx varchar(256)
 ,USERGROUP_CODE_UPD NUMBER  ,USERGROUP_NAME_UPD VARCHAR2 (20)  ,PERSON_EMAIL_UPD VARCHAR2 (30)  ,LOCA_REMARK_CUSTS VARCHAR2 (100)  ,LOCA_ID_BILLINGS NUMBER  ,LOCA_CODE_BILLINGS VARCHAR2 (10)  ,LOCA_NAME_BILLINGS VARCHAR2 (100)  ,LOCA_ABBR_BILLINGS VARCHAR2 (50)  ,LOCA_ZIP_BILLINGS VARCHAR2 (10)  ,LOCA_COUNTRY_BILLINGS VARCHAR2 (20)  ,LOCA_PRFCT_BILLINGS VARCHAR2 (20)  ,LOCA_ADDR1_BILLINGS VARCHAR2 (50)  ,LOCA_ADDR2_BILLINGS VARCHAR2 (50)  ,LOCA_TEL_BILLINGS VARCHAR2 (20)  ,LOCA_FAX_BILLINGS VARCHAR2 (20)  ,LOCA_MAIL_BILLINGS VARCHAR2 (20)  ,LOCA_PROPUCR_BILLINGS CHAR (1)  ,LOCA_REMARK_BILLINGS VARCHAR2 (100)  ,CUST_PERSONNAMEOFCUST VARCHAR2 (30)  ,PERSON_ID_CHRG NUMBER  ,PERSON_CODE_CHRG VARCHAR2 (10)  ,PERSON_NAME_CHRG VARCHAR2 (100)  ,USERGROUP_CODE_CHRG NUMBER  ,USERGROUP_NAME_CHRG VARCHAR2 (20)  ,PERSON_EMAIL_CHRG VARCHAR2 (30)  ,CURRENCY_ID NUMBER  ,CURRENCY_CODE VARCHAR2 (3)  ,CURRENCY_NAME VARCHAR2 (10)  ,CURRENCY_REMARK VARCHAR2 (100)  ,CUST_REMARK VARCHAR2 (100)  ,CUST_CUSTTYPE CHAR (1)  ,CUST_EXPIREDATE DATE  ,PERSON_ID_UPD NUMBER  ,PERSON_CODE_UPD VARCHAR2 (10)  ,PERSON_NAME_UPD VARCHAR2 (100)  ,CUST_UPDATE_IP VARCHAR2 (40)  ,CUST_CREATED_AT DATE  ,CUST_UPDATED_AT DATE  ,ID_tbl NUMBER  ,LOCA_ID_CUSTS NUMBER  ,LOCA_CODE_CUSTS VARCHAR2 (10)  ,LOCA_NAME_CUSTS VARCHAR2 (100)  ,LOCA_ABBR_CUSTS VARCHAR2 (50)  ,LOCA_ZIP_CUSTS VARCHAR2 (10)  ,LOCA_COUNTRY_CUSTS VARCHAR2 (20)  ,LOCA_PRFCT_CUSTS VARCHAR2 (20)  ,LOCA_ADDR1_CUSTS VARCHAR2 (50)  ,LOCA_ADDR2_CUSTS VARCHAR2 (50)  ,LOCA_TEL_CUSTS VARCHAR2 (20)  ,LOCA_FAX_CUSTS VARCHAR2 (20)  ,LOCA_MAIL_CUSTS VARCHAR2 (20)  ,LOCA_PROPUCR_CUSTS CHAR (1)           ,sio_org_tblname varchar(30)
          ,sio_org_tblid numeric(38)
          ,sio_add_time date
          ,sio_replay_time date
          ,sio_result_f char(1)
          ,sio_message_code char(10)
          ,sio_message_contents varchar(256)
          ,sio_chk_done char(1)
)
 CREATE INDEX SIO_R_CUSTS_uk1 
  ON SIO_R_CUSTS(sio_user_code,sio_session_id) 
  TABLESPACE USERS  STORAGE (INITIAL 20K  NEXT 20k  PCTINCREASE 75)
CREATE TABLE SIO_R_DETAILFIELDS (
          id numeric(38)  CONSTRAINT SIO_R_DETAILFIELDS_id_pk PRIMARY KEY 
          ,sio_user_code numeric(38)
          ,sio_Term_id varchar(30)
          ,sio_session_id varchar(256)
          ,sio_Command_Response char(1)
          ,sio_session_counter numeric(38)
          ,sio_classname varchar(30)
          ,sio_viewname varchar(30)
          ,sio_code varchar(30)
          ,sio_strsql varchar(4000)
          ,sio_totalcount numeric(38)
          ,sio_recordcount numeric(38)
          ,sio_start_record numeric(38)
          ,sio_end_record numeric(38)
          ,sio_sord varchar(256)
          ,sio_search varchar(10)
          ,sio_sidx varchar(256)
 ,DETAILFIELD_UPDATE_IP VARCHAR2 (40)  ,DETAILFIELD_CREATED_AT DATE  ,DETAILFIELD_UPDATED_AT DATE  ,SCREEN_STRGROUPORDER VARCHAR2 (4000)  ,SCREEN_CDRFLAYOUT VARCHAR2 (10)  ,SCREEN_REMARK VARCHAR2 (200)  ,SCREEN_NAME VARCHAR2 (40)  ,SCREEN_ID NUMBER  ,SCREEN_CODE VARCHAR2 (30)  ,SCREEN_VIEWNAME VARCHAR2 (30)  ,DETAILFIELD_SELECTION NUMBER  ,DETAILFIELD_HIDEFLG NUMBER  ,DETAILFIELD_SEQNO NUMBER  ,DETAILFIELD_ROWPOS NUMBER  ,DETAILFIELD_COLPOS NUMBER  ,DETAILFIELD_PARAGRAPH NUMBER  ,DETAILFIELD_WIDTH NUMBER  ,DETAILFIELD_TYPE VARCHAR2 (12)  ,DETAILFIELD_DATAPRECISION NUMBER  ,DETAILFIELD_DATASCALE NUMBER  ,DETAILFIELD_INDISP NUMBER  ,DETAILFIELD_SUBINDISP NUMBER  ,DETAILFIELD_EDITABLE NUMBER  ,DETAILFIELD_EDOPTSIZE NUMBER  ,DETAILFIELD_EDOPTINPUTSIZE NUMBER  ,DETAILFIELD_EDOPTMAXLENGTH NUMBER  ,DETAILFIELD_EDOPTVALUE VARCHAR2 (50)  ,DETAILFIELD_EDOPTMULTIPLE NUMBER  ,DETAILFIELD_EDOPTROW NUMBER  ,DETAILFIELD_EDOPTCOLS NUMBER  ,DETAILFIELD_EDITABLEHIDE VARCHAR2 (12)  ,DETAILFIELD_LISTOPTIONS VARCHAR2 (40)  ,DETAILFIELD_TBLKEY CHAR (1)  ,DETAILFIELD_SUMKEY CHAR (1)  ,DETAILFIELD_CRTFIELD VARCHAR2 (100)  ,DETAILFIELD_EXPIREDATE DATE  ,DETAILFIELD_REMARK VARCHAR2 (200)  ,PERSON_ID_UPD NUMBER  ,PERSON_CODE_UPD VARCHAR2 (10)  ,PERSON_NAME_UPD VARCHAR2 (100)  ,USERGROUP_CODE_UPD NUMBER  ,USERGROUP_NAME_UPD VARCHAR2 (20)  ,PERSON_EMAIL_UPD VARCHAR2 (30)  ,ID_tbl NUMBER  ,DETAILFIELD_CODE VARCHAR2 (30)  ,SCREEN_YMLCODE VARCHAR2 (4000)  ,SCREEN_STRSELECT VARCHAR2 (4000)  ,SCREEN_STRWHERE VARCHAR2 (4000)           ,sio_org_tblname varchar(30)
          ,sio_org_tblid numeric(38)
          ,sio_add_time date
          ,sio_replay_time date
          ,sio_result_f char(1)
          ,sio_message_code char(10)
          ,sio_message_contents varchar(256)
          ,sio_chk_done char(1)
)
 CREATE INDEX SIO_R_DETAILFIELDS_uk1 
  ON SIO_R_DETAILFIELDS(sio_user_code,sio_session_id) 
  TABLESPACE USERS  STORAGE (INITIAL 20K  NEXT 20k  PCTINCREASE 75)
CREATE TABLE SIO_R_CUSTS (
          id numeric(38)  CONSTRAINT SIO_R_CUSTS_id_pk PRIMARY KEY 
          ,sio_user_code numeric(38)
          ,sio_Term_id varchar(30)
          ,sio_session_id varchar(256)
          ,sio_Command_Response char(1)
          ,sio_session_counter numeric(38)
          ,sio_classname varchar(30)
          ,sio_viewname varchar(30)
          ,sio_code varchar(30)
          ,sio_strsql varchar(4000)
          ,sio_totalcount numeric(38)
          ,sio_recordcount numeric(38)
          ,sio_start_record numeric(38)
          ,sio_end_record numeric(38)
          ,sio_sord varchar(256)
          ,sio_search varchar(10)
          ,sio_sidx varchar(256)
 ,PERSON_EMAIL_UPD VARCHAR2 (30)  ,PERSON_CODE_CHRG VARCHAR2 (10)  ,PERSON_NAME_CHRG VARCHAR2 (100)  ,USERGROUP_CODE_CHRG NUMBER  ,USERGROUP_NAME_CHRG VARCHAR2 (20)  ,PERSON_EMAIL_CHRG VARCHAR2 (30)  ,CURRENCY_ID NUMBER  ,CURRENCY_CODE VARCHAR2 (3)  ,CURRENCY_NAME VARCHAR2 (10)  ,CURRENCY_REMARK VARCHAR2 (100)  ,CUST_REMARK VARCHAR2 (100)  ,CUST_CUSTTYPE CHAR (1)  ,CUST_EXPIREDATE DATE  ,PERSON_ID_UPD NUMBER  ,PERSON_CODE_UPD VARCHAR2 (10)  ,PERSON_NAME_UPD VARCHAR2 (100)  ,USERGROUP_CODE_UPD NUMBER  ,USERGROUP_NAME_UPD VARCHAR2 (20)  ,CUST_UPDATE_IP VARCHAR2 (40)  ,CUST_CREATED_AT DATE  ,CUST_UPDATED_AT DATE  ,ID_tbl NUMBER  ,LOCA_ID_CUSTS NUMBER  ,LOCA_CODE_CUSTS VARCHAR2 (10)  ,LOCA_NAME_CUSTS VARCHAR2 (100)  ,LOCA_ABBR_CUSTS VARCHAR2 (50)  ,LOCA_ZIP_CUSTS VARCHAR2 (10)  ,LOCA_COUNTRY_CUSTS VARCHAR2 (20)  ,LOCA_PRFCT_CUSTS VARCHAR2 (20)  ,LOCA_ADDR1_CUSTS VARCHAR2 (50)  ,LOCA_ADDR2_CUSTS VARCHAR2 (50)  ,LOCA_TEL_CUSTS VARCHAR2 (20)  ,LOCA_FAX_CUSTS VARCHAR2 (20)  ,LOCA_MAIL_CUSTS VARCHAR2 (20)  ,LOCA_PROPUCR_CUSTS CHAR (1)  ,LOCA_REMARK_CUSTS VARCHAR2 (100)  ,LOCA_ID_BILLINGS NUMBER  ,LOCA_CODE_BILLINGS VARCHAR2 (10)  ,LOCA_NAME_BILLINGS VARCHAR2 (100)  ,LOCA_ABBR_BILLINGS VARCHAR2 (50)  ,LOCA_ZIP_BILLINGS VARCHAR2 (10)  ,LOCA_COUNTRY_BILLINGS VARCHAR2 (20)  ,LOCA_PRFCT_BILLINGS VARCHAR2 (20)  ,LOCA_ADDR1_BILLINGS VARCHAR2 (50)  ,LOCA_ADDR2_BILLINGS VARCHAR2 (50)  ,LOCA_TEL_BILLINGS VARCHAR2 (20)  ,LOCA_FAX_BILLINGS VARCHAR2 (20)  ,LOCA_MAIL_BILLINGS VARCHAR2 (20)  ,LOCA_PROPUCR_BILLINGS CHAR (1)  ,LOCA_REMARK_BILLINGS VARCHAR2 (100)  ,CUST_PERSONNAMEOFCUST VARCHAR2 (30)  ,PERSON_ID_CHRG NUMBER           ,sio_org_tblname varchar(30)
          ,sio_org_tblid numeric(38)
          ,sio_add_time date
          ,sio_replay_time date
          ,sio_result_f char(1)
          ,sio_message_code char(10)
          ,sio_message_contents varchar(256)
          ,sio_chk_done char(1)
)
 CREATE INDEX SIO_R_CUSTS_uk1 
  ON SIO_R_CUSTS(sio_user_code,sio_session_id) 
  TABLESPACE USERS  STORAGE (INITIAL 20K  NEXT 20k  PCTINCREASE 75)
CREATE TABLE SIO_R_LOCAS (
          id numeric(38)  CONSTRAINT SIO_R_LOCAS_id_pk PRIMARY KEY 
          ,sio_user_code numeric(38)
          ,sio_Term_id varchar(30)
          ,sio_session_id varchar(256)
          ,sio_Command_Response char(1)
          ,sio_session_counter numeric(38)
          ,sio_classname varchar(30)
          ,sio_viewname varchar(30)
          ,sio_code varchar(30)
          ,sio_strsql varchar(4000)
          ,sio_totalcount numeric(38)
          ,sio_recordcount numeric(38)
          ,sio_start_record numeric(38)
          ,sio_end_record numeric(38)
          ,sio_sord varchar(256)
          ,sio_search varchar(10)
          ,sio_sidx varchar(256)
 ,LOCA_ADDR2 VARCHAR2 (50)  ,LOCA_TEL VARCHAR2 (20)  ,LOCA_FAX VARCHAR2 (20)  ,LOCA_MAIL VARCHAR2 (20)  ,LOCA_PROPUCR CHAR (1)  ,LOCA_REMARK VARCHAR2 (100)  ,LOCA_EXPIREDATE DATE  ,PERSON_ID_UPD NUMBER  ,PERSON_CODE_UPD VARCHAR2 (10)  ,PERSON_NAME_UPD VARCHAR2 (100)  ,USERGROUP_CODE_UPD NUMBER  ,USERGROUP_NAME_UPD VARCHAR2 (20)  ,PERSON_EMAIL_UPD VARCHAR2 (30)  ,LOCA_UPDATE_IP VARCHAR2 (40)  ,LOCA_CREATED_AT DATE  ,LOCA_UPDATED_AT DATE  ,ID_tbl NUMBER  ,LOCA_CODE VARCHAR2 (10)  ,LOCA_NAME VARCHAR2 (100)  ,LOCA_ABBR VARCHAR2 (50)  ,LOCA_ZIP VARCHAR2 (10)  ,LOCA_COUNTRY VARCHAR2 (20)  ,LOCA_PRFCT VARCHAR2 (20)  ,LOCA_ADDR1 VARCHAR2 (50)           ,sio_org_tblname varchar(30)
          ,sio_org_tblid numeric(38)
          ,sio_add_time date
          ,sio_replay_time date
          ,sio_result_f char(1)
          ,sio_message_code char(10)
          ,sio_message_contents varchar(256)
          ,sio_chk_done char(1)
)
 CREATE INDEX SIO_R_LOCAS_uk1 
  ON SIO_R_LOCAS(sio_user_code,sio_session_id) 
  TABLESPACE USERS  STORAGE (INITIAL 20K  NEXT 20k  PCTINCREASE 75)
