join_rtbl  = 'r_opeitms' 
join_rtbl  = 'r_itms' 
join_rtbl  = 'r_persons' 
join_rtbl  = 'r_locas' 
create or replace view  r_nditms as  select nditm.id ,nditm.id nditm_id ,nditm.opeitms_id nditm_opeitm_id , opeitm.opeitm_processseq opeitm_processseq,
 opeitm.opeitm_priority opeitm_priority,
 opeitm.loca_code loca_code,
 opeitm.loca_name loca_name,
 opeitm.loca_abbr loca_abbr,
 opeitm.loca_zip loca_zip,
 opeitm.loca_country loca_country,
 opeitm.loca_prfct loca_prfct,
 opeitm.loca_addr1 loca_addr1,
 opeitm.loca_addr2 loca_addr2,
 opeitm.loca_tel loca_tel,
 opeitm.loca_fax loca_fax,
 opeitm.loca_mail loca_mail,
 opeitm.loca_remark loca_remark,
 opeitm.itm_code itm_code,
 opeitm.itm_name itm_name,
 opeitm.itm_itmtype itm_itmtype,
 opeitm.itm_consumtype itm_consumtype,
 opeitm.unit_code unit_code,
 opeitm.unit_name unit_name,
 opeitm.unit_remark unit_remark,
 opeitm.itm_std itm_std,
 opeitm.itm_model itm_model,
 opeitm.itm_material itm_material,
 opeitm.itm_design itm_design,
 opeitm.itm_weight itm_weight,
 opeitm.itm_length itm_length,
 opeitm.itm_deth itm_deth,
 opeitm.itm_packqty itm_packqty,
 opeitm.itm_minqty itm_minqty,
 opeitm.itm_remark itm_remark,
 opeitm.opeitm_packqty opeitm_packqty,
 opeitm.opeitm_minqty opeitm_minqty,
 opeitm.opeitm_lt opeitm_lt,
 opeitm.unit_code_lttime unit_code_lttime,
 opeitm.unit_name_lttime unit_name_lttime,
 opeitm.unit_remark_lttime unit_remark_lttime,
 opeitm.opeitm_propucr opeitm_propucr,
nditm.itms_id nditm_itm_id , itm.itm_code itm_code,
 itm.itm_name itm_name,
 itm.itm_itmtype itm_itmtype,
 itm.itm_consumtype itm_consumtype,
 itm.unit_code unit_code,
 itm.unit_name unit_name,
 itm.unit_remark unit_remark,
 itm.itm_std itm_std,
 itm.itm_model itm_model,
 itm.itm_material itm_material,
 itm.itm_design itm_design,
 itm.itm_weight itm_weight,
 itm.itm_length itm_length,
 itm.itm_deth itm_deth,
 itm.itm_packqty itm_packqty,
 itm.itm_minqty itm_minqty,
 itm.itm_remark itm_remark,
nditm.consumtype nditm_consumtype ,nditm.parenum nditm_parenum ,nditm.chinum nditm_chinum ,nditm.minqty nditm_minqty ,nditm.consumunitqty nditm_consumunitqty ,nditm.remark nditm_remark ,nditm.expiredate nditm_expiredate ,nditm.persons_id_upd nditm_person_id_upd , person_upd.person_code person_code_upd,
 person_upd.person_name person_name_upd,
 person_upd.person_email person_email_upd,
 person_upd.person_remark person_remark_upd,
 person_upd.usergroup_code usergroup_code_upd,
 person_upd.usergroup_name usergroup_name_upd,
nditm.update_ip nditm_update_ip ,nditm.created_at nditm_created_at ,nditm.updated_at nditm_updated_at ,nditm.locas_id nditm_loca_id , loca.loca_code loca_code,
 loca.loca_name loca_name,
 loca.loca_abbr loca_abbr,
 loca.loca_zip loca_zip,
 loca.loca_country loca_country,
 loca.loca_prfct loca_prfct,
 loca.loca_addr1 loca_addr1,
 loca.loca_addr2 loca_addr2,
 loca.loca_tel loca_tel,
 loca.loca_fax loca_fax,
 loca.loca_mail loca_mail,
 loca.loca_remark loca_remark
 from nditms nditm ,r_opeitms  opeitm,r_itms  itm,r_persons  person_upd,r_locas  loca
 where  opeitm.opeitm_id = nditm.opeitms_id and  itm.itm_id = nditm.itms_id and  person_upd.person_id = nditm.persons_id_upd and  loca.loca_id = nditm.locas_id 
join_rtbl  = 'r_opeitms' 
join_rtbl  = 'r_itms' 
join_rtbl  = 'r_persons' 
join_rtbl  = 'r_locas' 
create or replace view  r_nditms as  select nditm.id ,nditm.id nditm_id ,nditm.opeitms_id nditm_opeitm_id , opeitm.opeitm_processseq opeitm_processseq,
 opeitm.opeitm_priority opeitm_priority,
 opeitm.loca_code loca_code,
 opeitm.loca_name loca_name,
 opeitm.loca_abbr loca_abbr,
 opeitm.loca_zip loca_zip,
 opeitm.loca_country loca_country,
 opeitm.loca_prfct loca_prfct,
 opeitm.loca_addr1 loca_addr1,
 opeitm.loca_addr2 loca_addr2,
 opeitm.loca_tel loca_tel,
 opeitm.loca_fax loca_fax,
 opeitm.loca_mail loca_mail,
 opeitm.loca_remark loca_remark,
 opeitm.itm_code itm_code,
 opeitm.itm_name itm_name,
 opeitm.itm_itmtype itm_itmtype,
 opeitm.itm_consumtype itm_consumtype,
 opeitm.unit_code unit_code,
 opeitm.unit_name unit_name,
 opeitm.unit_remark unit_remark,
 opeitm.itm_std itm_std,
 opeitm.itm_model itm_model,
 opeitm.itm_material itm_material,
 opeitm.itm_design itm_design,
 opeitm.itm_weight itm_weight,
 opeitm.itm_length itm_length,
 opeitm.itm_deth itm_deth,
 opeitm.itm_packqty itm_packqty,
 opeitm.itm_minqty itm_minqty,
 opeitm.itm_remark itm_remark,
 opeitm.opeitm_packqty opeitm_packqty,
 opeitm.opeitm_minqty opeitm_minqty,
 opeitm.opeitm_lt opeitm_lt,
 opeitm.unit_code_lttime unit_code_lttime,
 opeitm.unit_name_lttime unit_name_lttime,
 opeitm.unit_remark_lttime unit_remark_lttime,
 opeitm.opeitm_propucr opeitm_propucr,
nditm.itms_id_nditm nditm_itm_id_nditm , itm_nditm.itm_code itm_code_nditm,
 itm_nditm.itm_name itm_name_nditm,
 itm_nditm.itm_itmtype itm_itmtype_nditm,
 itm_nditm.itm_consumtype itm_consumtype_nditm,
 itm_nditm.unit_code unit_code_nditm,
 itm_nditm.unit_name unit_name_nditm,
 itm_nditm.unit_remark unit_remark_nditm,
 itm_nditm.itm_std itm_std_nditm,
 itm_nditm.itm_model itm_model_nditm,
 itm_nditm.itm_material itm_material_nditm,
 itm_nditm.itm_design itm_design_nditm,
 itm_nditm.itm_weight itm_weight_nditm,
 itm_nditm.itm_length itm_length_nditm,
 itm_nditm.itm_deth itm_deth_nditm,
 itm_nditm.itm_packqty itm_packqty_nditm,
 itm_nditm.itm_minqty itm_minqty_nditm,
 itm_nditm.itm_remark itm_remark_nditm,
nditm.consumtype nditm_consumtype ,nditm.parenum nditm_parenum ,nditm.chinum nditm_chinum ,nditm.minqty nditm_minqty ,nditm.consumunitqty nditm_consumunitqty ,nditm.remark nditm_remark ,nditm.expiredate nditm_expiredate ,nditm.persons_id_upd nditm_person_id_upd , person_upd.person_code person_code_upd,
 person_upd.person_name person_name_upd,
 person_upd.person_email person_email_upd,
 person_upd.person_remark person_remark_upd,
 person_upd.usergroup_code usergroup_code_upd,
 person_upd.usergroup_name usergroup_name_upd,
nditm.update_ip nditm_update_ip ,nditm.created_at nditm_created_at ,nditm.updated_at nditm_updated_at ,nditm.locas_id_nditm nditm_loca_id_nditm , loca_nditm.loca_code loca_code_nditm,
 loca_nditm.loca_name loca_name_nditm,
 loca_nditm.loca_abbr loca_abbr_nditm,
 loca_nditm.loca_zip loca_zip_nditm,
 loca_nditm.loca_country loca_country_nditm,
 loca_nditm.loca_prfct loca_prfct_nditm,
 loca_nditm.loca_addr1 loca_addr1_nditm,
 loca_nditm.loca_addr2 loca_addr2_nditm,
 loca_nditm.loca_tel loca_tel_nditm,
 loca_nditm.loca_fax loca_fax_nditm,
 loca_nditm.loca_mail loca_mail_nditm,
 loca_nditm.loca_remark loca_remark_nditm
 from nditms nditm ,r_opeitms  opeitm,r_itms  itm_nditm,r_persons  person_upd,r_locas  loca_nditm
 where  opeitm.opeitm_id = nditm.opeitms_id and  itm_nditm.itm_id = nditm.itms_id_nditm and  person_upd.person_id = nditm.persons_id_upd and  loca_nditm.loca_id = nditm.locas_id_nditm 
join_rtbl  = 'r_opeitms' 
join_rtbl  = 'r_itms' 
join_rtbl  = 'r_persons' 
join_rtbl  = 'r_locas' 
create or replace view  r_nditms as  select nditm.id ,nditm.id nditm_id ,nditm.opeitms_id nditm_opeitm_id , opeitm.opeitm_processseq opeitm_processseq,
 opeitm.opeitm_priority opeitm_priority,
 opeitm.loca_code loca_code,
 opeitm.loca_name loca_name,
 opeitm.loca_abbr loca_abbr,
 opeitm.loca_zip loca_zip,
 opeitm.loca_country loca_country,
 opeitm.loca_prfct loca_prfct,
 opeitm.loca_addr1 loca_addr1,
 opeitm.loca_addr2 loca_addr2,
 opeitm.loca_tel loca_tel,
 opeitm.loca_fax loca_fax,
 opeitm.loca_mail loca_mail,
 opeitm.loca_remark loca_remark,
 opeitm.itm_code itm_code,
 opeitm.itm_name itm_name,
 opeitm.itm_itmtype itm_itmtype,
 opeitm.itm_consumtype itm_consumtype,
 opeitm.unit_code unit_code,
 opeitm.unit_name unit_name,
 opeitm.unit_remark unit_remark,
 opeitm.itm_std itm_std,
 opeitm.itm_model itm_model,
 opeitm.itm_material itm_material,
 opeitm.itm_design itm_design,
 opeitm.itm_weight itm_weight,
 opeitm.itm_length itm_length,
 opeitm.itm_deth itm_deth,
 opeitm.itm_packqty itm_packqty,
 opeitm.itm_minqty itm_minqty,
 opeitm.itm_remark itm_remark,
 opeitm.opeitm_packqty opeitm_packqty,
 opeitm.opeitm_minqty opeitm_minqty,
 opeitm.opeitm_lt opeitm_lt,
 opeitm.unit_code_lttime unit_code_lttime,
 opeitm.unit_name_lttime unit_name_lttime,
 opeitm.unit_remark_lttime unit_remark_lttime,
 opeitm.opeitm_propucr opeitm_propucr,
nditm.itms_id_nditm nditm_itm_id_nditm , itm_nditm.itm_code itm_code_nditm,
 itm_nditm.itm_name itm_name_nditm,
 itm_nditm.itm_itmtype itm_itmtype_nditm,
 itm_nditm.itm_consumtype itm_consumtype_nditm,
 itm_nditm.unit_code unit_code_nditm,
 itm_nditm.unit_name unit_name_nditm,
 itm_nditm.unit_remark unit_remark_nditm,
 itm_nditm.itm_std itm_std_nditm,
 itm_nditm.itm_model itm_model_nditm,
 itm_nditm.itm_material itm_material_nditm,
 itm_nditm.itm_design itm_design_nditm,
 itm_nditm.itm_weight itm_weight_nditm,
 itm_nditm.itm_length itm_length_nditm,
 itm_nditm.itm_deth itm_deth_nditm,
 itm_nditm.itm_packqty itm_packqty_nditm,
 itm_nditm.itm_minqty itm_minqty_nditm,
 itm_nditm.itm_remark itm_remark_nditm,
nditm.consumtype nditm_consumtype ,nditm.parenum nditm_parenum ,nditm.chinum nditm_chinum ,nditm.minqty nditm_minqty ,nditm.consumunitqty nditm_consumunitqty ,nditm.remark nditm_remark ,nditm.expiredate nditm_expiredate ,nditm.persons_id_upd nditm_person_id_upd , person_upd.person_code person_code_upd,
 person_upd.person_name person_name_upd,
 person_upd.person_email person_email_upd,
 person_upd.person_remark person_remark_upd,
 person_upd.usergroup_code usergroup_code_upd,
 person_upd.usergroup_name usergroup_name_upd,
nditm.update_ip nditm_update_ip ,nditm.created_at nditm_created_at ,nditm.updated_at nditm_updated_at ,nditm.locas_id_nditm nditm_loca_id_nditm , loca_nditm.loca_code loca_code_nditm,
 loca_nditm.loca_name loca_name_nditm,
 loca_nditm.loca_abbr loca_abbr_nditm,
 loca_nditm.loca_zip loca_zip_nditm,
 loca_nditm.loca_country loca_country_nditm,
 loca_nditm.loca_prfct loca_prfct_nditm,
 loca_nditm.loca_addr1 loca_addr1_nditm,
 loca_nditm.loca_addr2 loca_addr2_nditm,
 loca_nditm.loca_tel loca_tel_nditm,
 loca_nditm.loca_fax loca_fax_nditm,
 loca_nditm.loca_mail loca_mail_nditm,
 loca_nditm.loca_remark loca_remark_nditm
 from nditms nditm ,r_opeitms  opeitm,r_itms  itm_nditm,r_persons  person_upd,r_locas  loca_nditm
 where  opeitm.opeitm_id = nditm.opeitms_id and  itm_nditm.itm_id = nditm.itms_id_nditm and  person_upd.person_id = nditm.persons_id_upd and  loca_nditm.loca_id = nditm.locas_id_nditm 
join_rtbl  = 'r_opeitms' 
join_rtbl  = 'r_itms' 
join_rtbl  = 'r_persons' 
join_rtbl  = 'r_locas' 
create or replace view  r_nditms as  select nditm.id ,nditm.id nditm_id ,nditm.opeitms_id nditm_opeitm_id , opeitm.opeitm_processseq opeitm_processseq,
 opeitm.opeitm_priority opeitm_priority,
 opeitm.loca_code loca_code,
 opeitm.loca_name loca_name,
 opeitm.loca_abbr loca_abbr,
 opeitm.loca_zip loca_zip,
 opeitm.loca_country loca_country,
 opeitm.loca_prfct loca_prfct,
 opeitm.loca_addr1 loca_addr1,
 opeitm.loca_addr2 loca_addr2,
 opeitm.loca_tel loca_tel,
 opeitm.loca_fax loca_fax,
 opeitm.loca_mail loca_mail,
 opeitm.loca_remark loca_remark,
 opeitm.itm_code itm_code,
 opeitm.itm_name itm_name,
 opeitm.itm_itmtype itm_itmtype,
 opeitm.itm_consumtype itm_consumtype,
 opeitm.unit_code unit_code,
 opeitm.unit_name unit_name,
 opeitm.unit_remark unit_remark,
 opeitm.itm_std itm_std,
 opeitm.itm_model itm_model,
 opeitm.itm_material itm_material,
 opeitm.itm_design itm_design,
 opeitm.itm_weight itm_weight,
 opeitm.itm_length itm_length,
 opeitm.itm_deth itm_deth,
 opeitm.itm_packqty itm_packqty,
 opeitm.itm_minqty itm_minqty,
 opeitm.itm_remark itm_remark,
 opeitm.opeitm_packqty opeitm_packqty,
 opeitm.opeitm_minqty opeitm_minqty,
 opeitm.opeitm_lt opeitm_lt,
 opeitm.unit_code_lttime unit_code_lttime,
 opeitm.unit_name_lttime unit_name_lttime,
 opeitm.unit_remark_lttime unit_remark_lttime,
 opeitm.opeitm_propucr opeitm_propucr,
nditm.itms_id_nditm nditm_itm_id_nditm , itm_nditm.itm_code itm_code_nditm,
 itm_nditm.itm_name itm_name_nditm,
 itm_nditm.itm_itmtype itm_itmtype_nditm,
 itm_nditm.itm_consumtype itm_consumtype_nditm,
 itm_nditm.unit_code unit_code_nditm,
 itm_nditm.unit_name unit_name_nditm,
 itm_nditm.unit_remark unit_remark_nditm,
 itm_nditm.itm_std itm_std_nditm,
 itm_nditm.itm_model itm_model_nditm,
 itm_nditm.itm_material itm_material_nditm,
 itm_nditm.itm_design itm_design_nditm,
 itm_nditm.itm_weight itm_weight_nditm,
 itm_nditm.itm_length itm_length_nditm,
 itm_nditm.itm_deth itm_deth_nditm,
 itm_nditm.itm_packqty itm_packqty_nditm,
 itm_nditm.itm_minqty itm_minqty_nditm,
 itm_nditm.itm_remark itm_remark_nditm,
nditm.consumtype nditm_consumtype ,nditm.parenum nditm_parenum ,nditm.chinum nditm_chinum ,nditm.minqty nditm_minqty ,nditm.consumunitqty nditm_consumunitqty ,nditm.remark nditm_remark ,nditm.expiredate nditm_expiredate ,nditm.persons_id_upd nditm_person_id_upd , person_upd.person_code person_code_upd,
 person_upd.person_name person_name_upd,
 person_upd.person_email person_email_upd,
 person_upd.person_remark person_remark_upd,
 person_upd.usergroup_code usergroup_code_upd,
 person_upd.usergroup_name usergroup_name_upd,
nditm.update_ip nditm_update_ip ,nditm.created_at nditm_created_at ,nditm.updated_at nditm_updated_at ,nditm.locas_id_nditm nditm_loca_id_nditm , loca_nditm.loca_code loca_code_nditm,
 loca_nditm.loca_name loca_name_nditm,
 loca_nditm.loca_abbr loca_abbr_nditm,
 loca_nditm.loca_zip loca_zip_nditm,
 loca_nditm.loca_country loca_country_nditm,
 loca_nditm.loca_prfct loca_prfct_nditm,
 loca_nditm.loca_addr1 loca_addr1_nditm,
 loca_nditm.loca_addr2 loca_addr2_nditm,
 loca_nditm.loca_tel loca_tel_nditm,
 loca_nditm.loca_fax loca_fax_nditm,
 loca_nditm.loca_mail loca_mail_nditm,
 loca_nditm.loca_remark loca_remark_nditm
 from nditms nditm ,r_opeitms  opeitm,r_itms  itm_nditm,r_persons  person_upd,r_locas  loca_nditm
 where  opeitm.opeitm_id = nditm.opeitms_id and  itm_nditm.itm_id = nditm.itms_id_nditm and  person_upd.person_id = nditm.persons_id_upd and  loca_nditm.loca_id = nditm.locas_id_nditm 
join_rtbl  = 'r_opeitms' 
join_rtbl  = 'r_itms' 
join_rtbl  = 'r_persons' 
join_rtbl  = 'r_locas' 
create or replace view  r_nditms as  select nditm.id ,nditm.id nditm_id ,nditm.opeitms_id nditm_opeitm_id , opeitm.opeitm_processseq opeitm_processseq,
 opeitm.opeitm_priority opeitm_priority,
 opeitm.loca_code loca_code,
 opeitm.loca_name loca_name,
 opeitm.loca_abbr loca_abbr,
 opeitm.loca_zip loca_zip,
 opeitm.loca_country loca_country,
 opeitm.loca_prfct loca_prfct,
 opeitm.loca_addr1 loca_addr1,
 opeitm.loca_addr2 loca_addr2,
 opeitm.loca_tel loca_tel,
 opeitm.loca_fax loca_fax,
 opeitm.loca_mail loca_mail,
 opeitm.loca_remark loca_remark,
 opeitm.itm_code itm_code,
 opeitm.itm_name itm_name,
 opeitm.itm_itmtype itm_itmtype,
 opeitm.itm_consumtype itm_consumtype,
 opeitm.unit_code unit_code,
 opeitm.unit_name unit_name,
 opeitm.unit_remark unit_remark,
 opeitm.itm_std itm_std,
 opeitm.itm_model itm_model,
 opeitm.itm_material itm_material,
 opeitm.itm_design itm_design,
 opeitm.itm_weight itm_weight,
 opeitm.itm_length itm_length,
 opeitm.itm_deth itm_deth,
 opeitm.itm_packqty itm_packqty,
 opeitm.itm_minqty itm_minqty,
 opeitm.itm_remark itm_remark,
 opeitm.opeitm_packqty opeitm_packqty,
 opeitm.opeitm_minqty opeitm_minqty,
 opeitm.opeitm_lt opeitm_lt,
 opeitm.unit_code_lttime unit_code_lttime,
 opeitm.unit_name_lttime unit_name_lttime,
 opeitm.unit_remark_lttime unit_remark_lttime,
 opeitm.opeitm_propucr opeitm_propucr,
nditm.itms_id_nditm nditm_itm_id_nditm , itm_nditm.itm_code itm_code_nditm,
 itm_nditm.itm_name itm_name_nditm,
 itm_nditm.itm_itmtype itm_itmtype_nditm,
 itm_nditm.itm_consumtype itm_consumtype_nditm,
 itm_nditm.unit_code unit_code_nditm,
 itm_nditm.unit_name unit_name_nditm,
 itm_nditm.unit_remark unit_remark_nditm,
 itm_nditm.itm_std itm_std_nditm,
 itm_nditm.itm_model itm_model_nditm,
 itm_nditm.itm_material itm_material_nditm,
 itm_nditm.itm_design itm_design_nditm,
 itm_nditm.itm_weight itm_weight_nditm,
 itm_nditm.itm_length itm_length_nditm,
 itm_nditm.itm_deth itm_deth_nditm,
 itm_nditm.itm_packqty itm_packqty_nditm,
 itm_nditm.itm_minqty itm_minqty_nditm,
 itm_nditm.itm_remark itm_remark_nditm,
nditm.consumtype nditm_consumtype ,nditm.parenum nditm_parenum ,nditm.chinum nditm_chinum ,nditm.minqty nditm_minqty ,nditm.consumunitqty nditm_consumunitqty ,nditm.remark nditm_remark ,nditm.expiredate nditm_expiredate ,nditm.persons_id_upd nditm_person_id_upd , person_upd.person_code person_code_upd,
 person_upd.person_name person_name_upd,
 person_upd.person_email person_email_upd,
 person_upd.person_remark person_remark_upd,
 person_upd.usergroup_code usergroup_code_upd,
 person_upd.usergroup_name usergroup_name_upd,
nditm.update_ip nditm_update_ip ,nditm.created_at nditm_created_at ,nditm.updated_at nditm_updated_at ,nditm.locas_id_nditm nditm_loca_id_nditm , loca_nditm.loca_code loca_code_nditm,
 loca_nditm.loca_name loca_name_nditm,
 loca_nditm.loca_abbr loca_abbr_nditm,
 loca_nditm.loca_zip loca_zip_nditm,
 loca_nditm.loca_country loca_country_nditm,
 loca_nditm.loca_prfct loca_prfct_nditm,
 loca_nditm.loca_addr1 loca_addr1_nditm,
 loca_nditm.loca_addr2 loca_addr2_nditm,
 loca_nditm.loca_tel loca_tel_nditm,
 loca_nditm.loca_fax loca_fax_nditm,
 loca_nditm.loca_mail loca_mail_nditm,
 loca_nditm.loca_remark loca_remark_nditm
 from nditms nditm ,r_opeitms  opeitm,r_itms  itm_nditm,r_persons  person_upd,r_locas  loca_nditm
 where  opeitm.opeitm_id = nditm.opeitms_id and  itm_nditm.itm_id = nditm.itms_id_nditm and  person_upd.person_id = nditm.persons_id_upd and  loca_nditm.loca_id = nditm.locas_id_nditm 
join_rtbl  = 'r_locas' 
join_rtbl  = 'r_itms' 
join_rtbl  = 'r_units' 
join_rtbl  = 'r_persons' 
create or replace view  r_opeitms as  select opeitm.id ,opeitm.id opeitm_id ,opeitm.processseq opeitm_processseq ,opeitm.priority opeitm_priority ,opeitm.locas_id opeitm_loca_id , loca.loca_code loca_code,
 loca.loca_name loca_name,
 loca.loca_abbr loca_abbr,
 loca.loca_zip loca_zip,
 loca.loca_country loca_country,
 loca.loca_prfct loca_prfct,
 loca.loca_addr1 loca_addr1,
 loca.loca_addr2 loca_addr2,
 loca.loca_tel loca_tel,
 loca.loca_fax loca_fax,
 loca.loca_mail loca_mail,
 loca.loca_remark loca_remark,
opeitm.itms_id opeitm_itm_id , itm.itm_code itm_code,
 itm.itm_name itm_name,
 itm.itm_itmtype itm_itmtype,
 itm.itm_consumtype itm_consumtype,
 itm.unit_code unit_code,
 itm.unit_name unit_name,
 itm.unit_remark unit_remark,
 itm.itm_std itm_std,
 itm.itm_model itm_model,
 itm.itm_material itm_material,
 itm.itm_design itm_design,
 itm.itm_weight itm_weight,
 itm.itm_length itm_length,
 itm.itm_deth itm_deth,
 itm.itm_packqty itm_packqty,
 itm.itm_minqty itm_minqty,
 itm.itm_remark itm_remark,
opeitm.packqty opeitm_packqty ,opeitm.minqty opeitm_minqty ,opeitm.lt opeitm_lt ,opeitm.units_id_lttime opeitm_unit_id_lttime , unit_lttime.unit_code unit_code_lttime,
 unit_lttime.unit_name unit_name_lttime,
 unit_lttime.unit_remark unit_remark_lttime,
opeitm.propucr opeitm_propucr ,opeitm.expiredate opeitm_expiredate ,opeitm.persons_id_upd opeitm_person_id_upd , person_upd.person_code person_code_upd,
 person_upd.person_name person_name_upd,
 person_upd.person_email person_email_upd,
 person_upd.person_remark person_remark_upd,
 person_upd.usergroup_code usergroup_code_upd,
 person_upd.usergroup_name usergroup_name_upd,
opeitm.update_ip opeitm_update_ip ,opeitm.created_at opeitm_created_at ,opeitm.updated_at opeitm_updated_at
 from opeitms opeitm ,r_locas  loca,r_itms  itm,r_units  unit_lttime,r_persons  person_upd
 where  loca.loca_id = opeitm.locas_id and  itm.itm_id = opeitm.itms_id and  unit_lttime.unit_id = opeitm.units_id_lttime and  person_upd.person_id = opeitm.persons_id_upd 
